#
# A fatal error has been detected by the Java Runtime Environment:
#
#  EXCEPTION_ACCESS_VIOLATION (0xc0000005) at pc=0x00007ffb6851b5c6, pid=13588, tid=6796
#
# JRE version: OpenJDK Runtime Environment Temurin-21.0.4+7 (21.0.4+7) (build 21.0.4+7-LTS)
# Java VM: OpenJDK 64-Bit Server VM Temurin-21.0.4+7 (21.0.4+7-LTS, mixed mode, sharing, tiered, compressed oops, compressed class ptrs, g1 gc, windows-amd64)
# Problematic frame:
# C  [awt.dll+0xdb5c6]
#
# No core dump will be written. Minidumps are not enabled by default on client versions of Windows
#
# If you would like to submit a bug report, please visit:
#   https://github.com/adoptium/adoptium-support/issues
# The crash happened outside the Java Virtual Machine in native code.
# See problematic frame for where to report the bug.
#

---------------  S U M M A R Y ------------

Command Line: -XX:MaxGCPauseMillis=50 -agentlib:jdwp=transport=dt_shmem,address=javadebug -Dfile.encoding=UTF-8 bluej.runtime.ExecServer UTF-8

Host: 13th Gen Intel(R) Core(TM) i7-1355U, 12 cores, 15G,  Windows 11 , 64 bit Build 26100 (10.0.26100.8521)
Time: Fri Jun 12 09:54:56 2026 W. Europe Daylight Time elapsed time: 213.855193 seconds (0d 0h 3m 33s)

---------------  T H R E A D  ---------------

Current thread (0x000001a2f6134ca0):  JavaThread "AWT-EventQueue-0"        [_thread_in_native, id=6796, stack(0x0000005ed1500000,0x0000005ed1600000) (1024K)]

Stack: [0x0000005ed1500000,0x0000005ed1600000],  sp=0x0000005ed15feb80,  free space=1018k
Native frames: (J=compiled Java code, j=interpreted, Vv=VM code, C=native code)
C  [awt.dll+0xdb5c6]

Java frames: (J=compiled Java code, j=interpreted, Vv=VM code)
j  sun.awt.Win32GraphicsDevice.initNativeScale(I)V+0 java.desktop@21.0.4
j  sun.awt.Win32GraphicsDevice.initScaleFactors()V+60 java.desktop@21.0.4
j  sun.awt.Win32GraphicsDevice.displayChanged()V+16 java.desktop@21.0.4
j  sun.awt.Win32GraphicsEnvironment.displayChanged()V+271 java.desktop@21.0.4
j  sun.awt.windows.WToolkit.lambda$displayChanged$4()V+15 java.desktop@21.0.4
j  sun.awt.windows.WToolkit$$Lambda+0x000001a281037778.run()V+0 java.desktop@21.0.4
j  java.awt.event.InvocationEvent.dispatch()V+47 java.desktop@21.0.4
j  java.awt.EventQueue.dispatchEventImpl(Ljava/awt/AWTEvent;Ljava/lang/Object;)V+21 java.desktop@21.0.4
j  java.awt.EventQueue$4.run()Ljava/lang/Void;+32 java.desktop@21.0.4
j  java.awt.EventQueue$4.run()Ljava/lang/Object;+1 java.desktop@21.0.4
J 889 c1 java.security.AccessController.executePrivileged(Ljava/security/PrivilegedAction;Ljava/security/AccessControlContext;Ljava/lang/Class;)Ljava/lang/Object; java.base@21.0.4 (65 bytes) @ 0x000001a2da75ec54 [0x000001a2da75eae0+0x0000000000000174]
j  java.security.AccessController.doPrivileged(Ljava/security/PrivilegedAction;Ljava/security/AccessControlContext;)Ljava/lang/Object;+13 java.base@21.0.4
j  java.security.ProtectionDomain$JavaSecurityAccessImpl.doIntersectionPrivilege(Ljava/security/PrivilegedAction;Ljava/security/AccessControlContext;Ljava/security/AccessControlContext;)Ljava/lang/Object;+18 java.base@21.0.4
j  java.awt.EventQueue.dispatchEvent(Ljava/awt/AWTEvent;)V+46 java.desktop@21.0.4
j  java.awt.EventDispatchThread.pumpOneEventForFilters(I)V+81 java.desktop@21.0.4
j  java.awt.EventDispatchThread.pumpEventsForFilter(ILjava/awt/Conditional;Ljava/awt/EventFilter;)V+35 java.desktop@21.0.4
j  java.awt.EventDispatchThread.pumpEventsForHierarchy(ILjava/awt/Conditional;Ljava/awt/Component;)V+11 java.desktop@21.0.4
j  java.awt.EventDispatchThread.pumpEvents(ILjava/awt/Conditional;)V+4 java.desktop@21.0.4
j  java.awt.EventDispatchThread.pumpEvents(Ljava/awt/Conditional;)V+3 java.desktop@21.0.4
j  java.awt.EventDispatchThread.run()V+9 java.desktop@21.0.4
v  ~StubRoutines::call_stub 0x000001a2e1b3100d

siginfo: EXCEPTION_ACCESS_VIOLATION (0xc0000005), reading address 0x00000000435b5bab


Registers:
RAX=0x00000000435b5b5b, RBX=0x000001a2f785dbc0, RCX=0x00000000435b5b5b, RDX=0x0000000000000000
RSP=0x0000005ed15feb80, RBP=0x0000005ed15fec60, RSI=0x0000000707b77848, RDI=0x0000000000000000
R8 =0x0000000000000001, R9 =0x0000005ed111e000, R10=0x000001a2e1b40787, R11=0x0000000000000100
R12=0x0000000000000000, R13=0x000001a2f23bae90, R14=0x0000005ed15fec88, R15=0x000001a2f6134ca0
RIP=0x00007ffb6851b5c6, EFLAGS=0x0000000000010202


Register to memory mapping:

RAX=0x00000000435b5b5b is an unknown value
RBX=0x000001a2f785dbc0 points into unknown readable memory: 0x000001a2f7aa45c0 | c0 45 aa f7 a2 01 00 00
RCX=0x00000000435b5b5b is an unknown value
RDX=0x0 is null
RSP=0x0000005ed15feb80 is pointing into the stack for thread: 0x000001a2f6134ca0
RBP=0x0000005ed15fec60 is pointing into the stack for thread: 0x000001a2f6134ca0
RSI=0x0000000707b77848 is pointing into object: [Ljava.lang.Object; 
{0x0000000707b77838} - klass: 'java/lang/Object'[]
 - length: 10
RDI=0x0 is null
R8 =0x0000000000000001 is an unknown value
R9 =0x0000005ed111e000 points into unknown readable memory: 0x0000000000000000 | 00 00 00 00 00 00 00 00
R10=0x000001a2e1b40787 is at code_begin+1927 in an Interpreter codelet
native method entry point (kind = native)  [0x000001a2e1b40000, 0x000001a2e1b41238]  4664 bytes
R11=0x0000000000000100 is an unknown value
R12=0x0 is null
R13={method} {0x000001a2f23bae98} 'initNativeScale' '(I)V' in 'sun/awt/Win32GraphicsDevice'
R14=0x0000005ed15fec88 is pointing into the stack for thread: 0x000001a2f6134ca0
R15=0x000001a2f6134ca0 is a thread

Top of Stack: (sp=0x0000005ed15feb80)
0x0000005ed15feb80:   000001a2f785dbc0 000001a2f14e4600
0x0000005ed15feb90:   000001a2f27ad5c0 000001a2f785dbc0
0x0000005ed15feba0:   000001a2f785dbc0 00007ffb6851ce02
0x0000005ed15febb0:   00007ffb6857a848 000001a2f23bae90
0x0000005ed15febc0:   000001a2f14ddf10 000000000000000d
0x0000005ed15febd0:   000001a2e1b396b9 000001a2e1b407b6
0x0000005ed15febe0:   000001a2f23bae90 000001a2f6134ca0
0x0000005ed15febf0:   000001a2f6134ca0 000001a2e1b396b9
0x0000005ed15fec00:   0000000707b77848 00007ffb67a40379
0x0000005ed15fec10:   0000005ed15fed50 0000005ed15fec18
0x0000005ed15fec20:   0000000000000000 0000000000000005
0x0000005ed15fec30:   000001a2f23bdec8 0000000000000000
0x0000005ed15fec40:   0000000704f1f200 000001a2f23bae90
0x0000005ed15fec50:   0000000000000000 0000005ed15fec80
0x0000005ed15fec60:   0000005ed15fecd8 000001a2e1b391b4
0x0000005ed15fec70:   0000000000000000 000001a2e1b3c6f7
0x0000005ed15fec80:   0000000000000000 0000000704f15950
0x0000005ed15fec90:   0000005ed15fec90 000001a2f23bb4e4
0x0000005ed15feca0:   0000000000000002 000001a2f23bdec8
0x0000005ed15fecb0:   0000000000000000 0000000704f1f200
0x0000005ed15fecc0:   000001a2f23bb530 0000005ed15fec80
0x0000005ed15fecd0:   0000005ed15fece8 0000005ed15fed38
0x0000005ed15fece0:   000001a2e1b391b4 0000000704f15950
0x0000005ed15fecf0:   0000005ed15fecf0 000001a2f23bcda8
0x0000005ed15fed00:   0000000000000003 000001a2f23bdec8
0x0000005ed15fed10:   0000000000000000 0000000704f1f200
0x0000005ed15fed20:   000001a2f23bcdf0 0000005ed15fece8
0x0000005ed15fed30:   0000005ed15fed50 0000005ed15feda0
0x0000005ed15fed40:   000001a2e1b391b4 0000000000000000
0x0000005ed15fed50:   0000000704f15950 0000005ed15fed58
0x0000005ed15fed60:   000001a2f23abe57 0000000000000008
0x0000005ed15fed70:   000001a2f23afd28 0000000000000000 

Instructions: (pc=0x00007ffb6851b5c6)
0x00007ffb6851b4c6:   00 68 00 00 00 0f 11 44 24 34 0f 11 44 24 44 0f
0x00007ffb6851b4d6:   11 44 24 54 0f 11 44 24 64 0f 11 44 24 74 0f 11
0x00007ffb6851b4e6:   84 24 84 00 00 00 89 84 24 94 00 00 00 c7 44 24
0x00007ffb6851b4f6:   30 68 00 00 00 48 8d 94 24 a0 00 00 00 48 8b cd
0x00007ffb6851b506:   ff 15 bc 88 06 00 85 c0 74 40 48 8d 54 24 30 48
0x00007ffb6851b516:   8b ce ff 15 aa 88 06 00 85 c0 74 2e 48 8d 54 24
0x00007ffb6851b526:   34 48 8d 8c 24 a4 00 00 00 ff 15 db 83 06 00 85
0x00007ffb6851b536:   c0 74 17 48 8d 54 24 44 48 8d 8c 24 b4 00 00 00
0x00007ffb6851b546:   ff 15 c4 83 06 00 85 c0 75 11 ff c7 3b 7b 0c 0f
0x00007ffb6851b556:   8c 15 ff ff ff 8b 3d 3f be 06 00 48 8b cb e8 a7
0x00007ffb6851b566:   c9 f4 ff 90 8b c7 48 8b 8c 24 10 01 00 00 48 33
0x00007ffb6851b576:   cc e8 54 02 01 00 4c 8d 9c 24 20 01 00 00 49 8b
0x00007ffb6851b586:   5b 18 49 8b 6b 20 49 8b 73 28 49 8b e3 5f c3 cc
0x00007ffb6851b596:   cc cc cc cc cc cc cc cc cc cc 48 8b 41 08 48 8b
0x00007ffb6851b5a6:   80 18 0c 00 00 c3 cc cc cc cc 48 8b 41 08 48 05
0x00007ffb6851b5b6:   00 04 00 00 c3 cc cc cc cc cc 40 53 48 83 ec 20
0x00007ffb6851b5c6:   83 79 50 00 48 8b d9 75 56 48 8b 49 28 4c 8d 44
0x00007ffb6851b5d6:   24 38 48 8d 54 24 30 c7 44 24 30 00 00 80 bf c7
0x00007ffb6851b5e6:   44 24 38 00 00 80 bf e8 be e1 00 00 f3 0f 10 54
0x00007ffb6851b5f6:   24 30 0f 57 c0 0f 2f d0 76 25 f3 0f 10 4c 24 38
0x00007ffb6851b606:   0f 2f c8 76 1a f3 0f 5e 15 f9 a6 02 00 f3 0f 5e
0x00007ffb6851b616:   0d f1 a6 02 00 f3 0f 11 53 48 f3 0f 11 4b 4c 48
0x00007ffb6851b626:   83 c4 20 5b c3 cc cc cc cc cc 48 89 5c 24 10 48
0x00007ffb6851b636:   89 74 24 18 48 89 7c 24 20 41 56 48 83 ec 40 48
0x00007ffb6851b646:   8b d9 48 83 79 18 00 75 14 b9 28 04 00 00 e8 97
0x00007ffb6851b656:   97 00 00 48 89 43 18 c7 00 28 00 00 00 48 8b 43
0x00007ffb6851b666:   18 33 ff 66 89 78 0e 48 8b 4b 28 e8 5a 03 00 00
0x00007ffb6851b676:   48 8b f0 ba 01 00 00 00 44 8b c2 48 8b c8 ff 15
0x00007ffb6851b686:   a6 7f 06 00 4c 8b f0 89 7c 24 30 48 8b 4b 18 48
0x00007ffb6851b696:   89 4c 24 28 48 89 7c 24 20 44 8d 4f 01 45 33 c0
0x00007ffb6851b6a6:   48 8b d0 48 8b ce ff 15 5e 80 06 00 48 8b 53 30
0x00007ffb6851b6b6:   48 8b 0b 83 79 04 08 0f 8e 01 02 00 00 f6 42 24 


Stack slot to memory mapping:

stack at sp + 0 slots: 0x000001a2f785dbc0 points into unknown readable memory: 0x000001a2f7aa45c0 | c0 45 aa f7 a2 01 00 00
stack at sp + 1 slots: 0x000001a2f14e4600 points into unknown readable memory: 0x0000000000000000 | 00 00 00 00 00 00 00 00
stack at sp + 2 slots: 0x000001a2f27ad5c0 is pointing into metadata
stack at sp + 3 slots: 0x000001a2f785dbc0 points into unknown readable memory: 0x000001a2f7aa45c0 | c0 45 aa f7 a2 01 00 00
stack at sp + 4 slots: 0x000001a2f785dbc0 points into unknown readable memory: 0x000001a2f7aa45c0 | c0 45 aa f7 a2 01 00 00
stack at sp + 5 slots: 0x00007ffb6851ce02 awt.dll
stack at sp + 6 slots: 0x00007ffb6857a848 awt.dll
stack at sp + 7 slots: {method} {0x000001a2f23bae98} 'initNativeScale' '(I)V' in 'sun/awt/Win32GraphicsDevice'


Compiled method (c1)  214009  889       3       java.security.AccessController::executePrivileged (65 bytes)
 total in heap  [0x000001a2da75e910,0x000001a2da75ef10] = 1536
 relocation     [0x000001a2da75ea68,0x000001a2da75ead0] = 104
 main code      [0x000001a2da75eae0,0x000001a2da75eda8] = 712
 stub code      [0x000001a2da75eda8,0x000001a2da75ee00] = 88
 metadata       [0x000001a2da75ee00,0x000001a2da75ee10] = 16
 scopes data    [0x000001a2da75ee10,0x000001a2da75ee78] = 104
 scopes pcs     [0x000001a2da75ee78,0x000001a2da75eef8] = 128
 dependencies   [0x000001a2da75eef8,0x000001a2da75ef00] = 8
 nul chk table  [0x000001a2da75ef00,0x000001a2da75ef10] = 16

[Constant Pool (empty)]

[MachCode]
[Verified Entry Point]
  # {method} {0x000001a28047a4c0} 'executePrivileged' '(Ljava/security/PrivilegedAction;Ljava/security/AccessControlContext;Ljava/lang/Class;)Ljava/lang/Object;' in 'java/security/AccessController'
  # parm0:    rdx:rdx   = 'java/security/PrivilegedAction'
  # parm1:    r8:r8     = 'java/security/AccessControlContext'
  # parm2:    r9:r9     = 'java/lang/Class'
  #           [sp+0x50]  (sp of caller)
  0x000001a2da75eae0: 8984 2400 | 80ff ff55 | 4883 ec40 | 4181 7f20 | 0200 0000 

  0x000001a2da75eaf4: ;   {runtime_call StubRoutines (final stubs)}
  0x000001a2da75eaf4: 7405 e865 | 6240 0748 | 8954 2420 

  0x000001a2da75eb00: ;   {metadata(method data for {method} {0x000001a28047a4c0} 'executePrivileged' '(Ljava/security/PrivilegedAction;Ljava/security/AccessControlContext;Ljava/lang/Class;)Ljava/lang/Object;' in 'java/security/AccessController')}
  0x000001a2da75eb00: 48be 08d7 | 20f2 a201 | 0000 8bbe | cc00 0000 | 83c7 0289 | becc 0000 | 0081 e7fe | 0700 0085 
  0x000001a2da75eb20: ff0f 84d9 | 0100 004d 

  0x000001a2da75eb28: ;   {metadata(method data for {method} {0x000001a28047a4c0} 'executePrivileged' '(Ljava/security/PrivilegedAction;Ljava/security/AccessControlContext;Ljava/lang/Class;)Ljava/lang/Object;' in 'java/security/AccessController')}
  0x000001a2da75eb28: 85c0 48be | 08d7 20f2 | a201 0000 | 48bf 2001 | 0000 0000 | 0000 750a | 48bf 1001 | 0000 0000 
  0x000001a2da75eb48: 0000 488b | 1c3e 488d | 5b01 4889 | 1c3e 4c89 | 4c24 280f | 850a 0000 | 004c 8944 | 2430 e929 
  0x000001a2da75eb68: ;   {metadata(method data for {method} {0x000001a28047a4c0} 'executePrivileged' '(Ljava/security/PrivilegedAction;Ljava/security/AccessControlContext;Ljava/lang/Class;)Ljava/lang/Object;' in 'java/security/AccessController')}
  0x000001a2da75eb68: 0000 0048 | be08 d720 | f2a2 0100 | 0048 8386 | 3001 0000 | 0149 8bd0 | 4c89 4424 

  0x000001a2da75eb84: ;   {static_call}
  0x000001a2da75eb84: 3066 90e8 

  0x000001a2da75eb88: ; ImmutableOopMap {[32]=Oop [40]=Oop [48]=Oop }
                      ;*invokestatic ensureMaterializedForStackWalk {reexecute=0 rethrow=0 return_oop=0}
                      ; - java.security.AccessController::executePrivileged@5 (line 774)
  0x000001a2da75eb88: 3002 0000 

  0x000001a2da75eb8c: ;   {other}
  0x000001a2da75eb8c: 0f1f 8400 | 7c02 0000 

  0x000001a2da75eb94: ;   {metadata(method data for {method} {0x000001a28047a4c0} 'executePrivileged' '(Ljava/security/PrivilegedAction;Ljava/security/AccessControlContext;Ljava/lang/Class;)Ljava/lang/Object;' in 'java/security/AccessController')}
  0x000001a2da75eb94: 48ba 08d7 | 20f2 a201 | 0000 ff82 | 4001 0000 | 488b 5424 | 2048 3b02 

  0x000001a2da75ebac: ;   {metadata(method data for {method} {0x000001a28047a4c0} 'executePrivileged' '(Ljava/security/PrivilegedAction;Ljava/security/AccessControlContext;Ljava/lang/Class;)Ljava/lang/Object;' in 'java/security/AccessController')}
  0x000001a2da75ebac: 488b f248 | bf08 d720 | f2a2 0100 | 008b 7608 | 49ba 0000 | 0080 a201 | 0000 4903 | f248 3bb7 
  0x000001a2da75ebcc: b001 0000 | 750d 4883 | 87b8 0100 | 0001 e960 | 0000 0048 | 3bb7 c001 | 0000 750d | 4883 87c8 
  0x000001a2da75ebec: 0100 0001 | e94a 0000 | 0048 83bf | b001 0000 | 0075 1748 | 89b7 b001 | 0000 48c7 | 87b8 0100 
  0x000001a2da75ec0c: 0001 0000 | 00e9 2900 | 0000 4883 | bfc0 0100 | 0000 7517 | 4889 b7c0 | 0100 0048 | c787 c801 
  0x000001a2da75ec2c: 0000 0100 | 0000 e908 | 0000 0048 | 8387 a001 | 0000 0148 | 8bf2 488b | d648 b8e0 | 9fb8 f6a2 
  0x000001a2da75ec4c: ;   {virtual_call}
  0x000001a2da75ec4c: 0100 00e8 

  0x000001a2da75ec50: ; ImmutableOopMap {[32]=Oop [40]=Oop [48]=Oop }
                      ;*invokeinterface run {reexecute=0 rethrow=0 return_oop=0}
                      ; - java.security.AccessController::executePrivileged@29 (line 778)
  0x000001a2da75ec50: bcd9 4f07 

  0x000001a2da75ec54: ;   {other}
  0x000001a2da75ec54: 0f1f 8400 | 4403 0001 

  0x000001a2da75ec5c: ;   {metadata(method data for {method} {0x000001a28047a4c0} 'executePrivileged' '(Ljava/security/PrivilegedAction;Ljava/security/AccessControlContext;Ljava/lang/Class;)Ljava/lang/Object;' in 'java/security/AccessController')}
  0x000001a2da75ec5c: 48be 08d7 | 20f2 a201 | 0000 ff86 | d801 0000 | 4c8b 4c24 | 284c 8b44 | 2430 488b 

  0x000001a2da75ec78: ;   {metadata(method data for {method} {0x000001a28047a4c0} 'executePrivileged' '(Ljava/security/PrivilegedAction;Ljava/security/AccessControlContext;Ljava/lang/Class;)Ljava/lang/Object;' in 'java/security/AccessController')}
  0x000001a2da75ec78: 5424 2048 | be08 d720 | f2a2 0100 | 0048 8386 | 3802 0000 

  0x000001a2da75ec8c: ;   {metadata(method data for {method} {0x000001a28003d490} 'reachabilityFence' '(Ljava/lang/Object;)V' in 'java/lang/ref/Reference')}
  0x000001a2da75ec8c: 0148 be30 | 3803 f2a2 | 0100 008b | becc 0000 | 0083 c702 | 89be cc00 | 0000 81e7 | feff 1f00 
  0x000001a2da75ecac: 85ff 0f84 | 7200 0000 

  0x000001a2da75ecb4: ;   {metadata(method data for {method} {0x000001a28047a4c0} 'executePrivileged' '(Ljava/security/PrivilegedAction;Ljava/security/AccessControlContext;Ljava/lang/Class;)Ljava/lang/Object;' in 'java/security/AccessController')}
  0x000001a2da75ecb4: 48be 08d7 | 20f2 a201 | 0000 4883 | 8648 0200 

  0x000001a2da75ecc4: ;   {metadata(method data for {method} {0x000001a28003d490} 'reachabilityFence' '(Ljava/lang/Object;)V' in 'java/lang/ref/Reference')}
  0x000001a2da75ecc4: 0001 48be | 3038 03f2 | a201 0000 | 8bbe cc00 | 0000 83c7 | 0289 becc | 0000 0081 | e7fe ff1f 
  0x000001a2da75ece4: 0085 ff0f | 845a 0000 | 0048 83c4 

  0x000001a2da75ecf0: ;   {poll_return}
  0x000001a2da75ecf0: 405d 493b | a750 0400 | 000f 8766 | 0000 00c3 

  0x000001a2da75ed00: ;   {metadata({method} {0x000001a28047a4c0} 'executePrivileged' '(Ljava/security/PrivilegedAction;Ljava/security/AccessControlContext;Ljava/lang/Class;)Ljava/lang/Object;' in 'java/security/AccessController')}
  0x000001a2da75ed00: 49ba b8a4 | 4780 a201 | 0000 4c89 | 5424 0848 | c704 24ff 

  0x000001a2da75ed14: ;   {runtime_call counter_overflow Runtime1 stub}
  0x000001a2da75ed14: ffff ffe8 

  0x000001a2da75ed18: ; ImmutableOopMap {rdx=Oop r8=Oop r9=Oop [32]=Oop }
                      ;*synchronization entry
                      ; - java.security.AccessController::executePrivileged@-1 (line 773)
  0x000001a2da75ed18: e4b3 4f07 | e906 feff 

  0x000001a2da75ed20: ;   {runtime_call throw_null_pointer_exception Runtime1 stub}
  0x000001a2da75ed20: ffe8 5a58 

  0x000001a2da75ed24: ; ImmutableOopMap {rdx=Oop [32]=Oop [40]=Oop [48]=Oop }
                      ;*invokeinterface run {reexecute=0 rethrow=0 return_oop=0}
                      ; - java.security.AccessController::executePrivileged@29 (line 778)
                      ;   {metadata({method} {0x000001a28003d490} 'reachabilityFence' '(Ljava/lang/Object;)V' in 'java/lang/ref/Reference')}
  0x000001a2da75ed24: 4f07 49ba | 88d4 0380 | a201 0000 | 4c89 5424 | 0848 c704 | 24ff ffff 

  0x000001a2da75ed3c: ;   {runtime_call counter_overflow Runtime1 stub}
  0x000001a2da75ed3c: ffe8 beb3 

  0x000001a2da75ed40: ; ImmutableOopMap {rax=Oop r9=Oop rdx=Oop r8=Oop [32]=Oop }
                      ;*synchronization entry
                      ; - java.lang.ref.Reference::reachabilityFence@-1 (line 628)
                      ; - java.security.AccessController::executePrivileged@56 (line 783)
  0x000001a2da75ed40: 4f07 e96d 

  0x000001a2da75ed44: ;   {metadata({method} {0x000001a28003d490} 'reachabilityFence' '(Ljava/lang/Object;)V' in 'java/lang/ref/Reference')}
  0x000001a2da75ed44: ffff ff49 | ba88 d403 | 80a2 0100 | 004c 8954 | 2408 48c7 | 0424 ffff 

  0x000001a2da75ed5c: ;   {runtime_call counter_overflow Runtime1 stub}
  0x000001a2da75ed5c: ffff e89d 

  0x000001a2da75ed60: ; ImmutableOopMap {rax=Oop r9=Oop rdx=Oop r8=Oop [32]=Oop }
                      ;*synchronization entry
                      ; - java.lang.ref.Reference::reachabilityFence@-1 (line 628)
                      ; - java.security.AccessController::executePrivileged@60 (line 784)
  0x000001a2da75ed60: b34f 07eb 

  0x000001a2da75ed64: ;   {internal_word}
  0x000001a2da75ed64: 8849 baf2 | ec75 daa2 | 0100 004d | 8997 6804 

  0x000001a2da75ed74: ;   {runtime_call SafepointBlob}
  0x000001a2da75ed74: 0000 e985 | 6942 0749 | 8b87 0005 | 0000 49c7 | 8700 0500 | 0000 0000 | 0049 c787 | 0805 0000 
  0x000001a2da75ed94: 0000 0000 | 4883 c440 

  0x000001a2da75ed9c: ;   {runtime_call unwind_exception Runtime1 stub}
  0x000001a2da75ed9c: 5de9 5e44 | 4f07 f4f4 | f4f4 f4f4 
[Stub Code]
  0x000001a2da75eda8: ;   {no_reloc}
  0x000001a2da75eda8: 0f1f 4400 

  0x000001a2da75edac: ;   {static_stub}
  0x000001a2da75edac: 0048 bb00 | 0000 0000 

  0x000001a2da75edb4: ;   {runtime_call}
  0x000001a2da75edb4: 0000 00e9 | fbff ffff 

  0x000001a2da75edbc: ;   {static_stub}
  0x000001a2da75edbc: 48bb e0a2 | 4780 a201 

  0x000001a2da75edc4: ;   {runtime_call I2C/C2I adapters}
  0x000001a2da75edc4: 0000 e998 

  0x000001a2da75edc8: ;   {runtime_call handle_exception_from_callee Runtime1 stub}
  0x000001a2da75edc8: 4642 07e8 | 3080 4f07 

  0x000001a2da75edd0: ;   {external_word}
  0x000001a2da75edd0: 48b9 7020 | db67 fb7f | 0000 4883 

  0x000001a2da75eddc: ;   {runtime_call}
  0x000001a2da75eddc: e4f0 48b8 | 002a 9e67 | fb7f 0000 

  0x000001a2da75ede8: ;   {section_word}
  0x000001a2da75ede8: ffd0 f449 | baeb ed75 | daa2 0100 

  0x000001a2da75edf4: ;   {runtime_call DeoptimizationBlob}
  0x000001a2da75edf4: 0041 52e9 | a45b 4207 | f4f4 f4f4 
[/MachCode]


---------------  P R O C E S S  ---------------

Threads class SMR info:
_java_thread_list=0x000001a2f774ad80, length=26, elements={
0x000001a2f1643ab0, 0x000001a2f1645430, 0x000001a2f1657fa0, 0x000001a2f1651380,
0x000001a2f1651a10, 0x000001a2f164ffd0, 0x000001a2f1672a80, 0x000001a2f1674530,
0x000001a2f1938bf0, 0x000001a2f1950050, 0x000001a2f19506d0, 0x000001a2f1652dc0,
0x000001a2f16520a0, 0x000001a2f1650cf0, 0x000001a2f1650660, 0x000001a2f6132bd0,
0x000001a2f6130b00, 0x000001a2f612fde0, 0x000001a2f6132540, 0x000001a2f6131190,
0x000001a2f6133260, 0x000001a2f61338f0, 0x000001a2f6131eb0, 0x000001a2f6130470,
0x000001a2f6134610, 0x000001a2f6134ca0
}

Java Threads: ( => current thread )
  0x000001a2f1643ab0 JavaThread "Reference Handler"          daemon [_thread_blocked, id=10820, stack(0x0000005ed1e00000,0x0000005ed1f00000) (1024K)]
  0x000001a2f1645430 JavaThread "Finalizer"                  daemon [_thread_blocked, id=20456, stack(0x0000005ed1f00000,0x0000005ed2000000) (1024K)]
  0x000001a2f1657fa0 JavaThread "Signal Dispatcher"          daemon [_thread_blocked, id=4796, stack(0x0000005ed2000000,0x0000005ed2100000) (1024K)]
  0x000001a2f1651380 JavaThread "Attach Listener"            daemon [_thread_blocked, id=9192, stack(0x0000005ed2100000,0x0000005ed2200000) (1024K)]
  0x000001a2f1651a10 JavaThread "Service Thread"             daemon [_thread_blocked, id=7792, stack(0x0000005ed2200000,0x0000005ed2300000) (1024K)]
  0x000001a2f164ffd0 JavaThread "Monitor Deflation Thread"   daemon [_thread_blocked, id=3376, stack(0x0000005ed2300000,0x0000005ed2400000) (1024K)]
  0x000001a2f1672a80 JavaThread "C2 CompilerThread0"         daemon [_thread_blocked, id=20316, stack(0x0000005ed2400000,0x0000005ed2500000) (1024K)]
  0x000001a2f1674530 JavaThread "C1 CompilerThread0"         daemon [_thread_blocked, id=7660, stack(0x0000005ed2500000,0x0000005ed2600000) (1024K)]
  0x000001a2f1938bf0 JavaThread "JDWP Transport Listener: dt_shmem" daemon [_thread_blocked, id=15944, stack(0x0000005ed2600000,0x0000005ed2700000) (1024K)]
  0x000001a2f1950050 JavaThread "JDWP Event Helper Thread"   daemon [_thread_blocked, id=18336, stack(0x0000005ed2700000,0x0000005ed2800000) (1024K)]
  0x000001a2f19506d0 JavaThread "JDWP Command Reader"        daemon [_thread_in_native, id=18132, stack(0x0000005ed2800000,0x0000005ed2900000) (1024K)]
  0x000001a2f1652dc0 JavaThread "Notification Thread"        daemon [_thread_blocked, id=10264, stack(0x0000005ed2900000,0x0000005ed2a00000) (1024K)]
  0x000001a2f16520a0 JavaThread "Common-Cleaner"             daemon [_thread_blocked, id=7292, stack(0x0000005ed2a00000,0x0000005ed2b00000) (1024K)]
  0x000001a2f1650cf0 JavaThread "Java2D Disposer"            daemon [_thread_blocked, id=6124, stack(0x0000005ed2c00000,0x0000005ed2d00000) (1024K)]
  0x000001a2f1650660 JavaThread "AWT-Windows"                daemon [_thread_in_native, id=15884, stack(0x0000005ed2e00000,0x0000005ed2f00000) (1024K)]
  0x000001a2f6132bd0 JavaThread "BlueJ worker thread"               [_thread_blocked, id=3248, stack(0x0000005ed3000000,0x0000005ed3100000) (1024K)]
  0x000001a2f6130b00 JavaThread "DestroyJavaVM"                     [_thread_blocked, id=11520, stack(0x0000005ed1600000,0x0000005ed1700000) (1024K)]
  0x000001a2f612fde0 JavaThread "main"                              [_thread_blocked, id=14372, stack(0x0000005ed2f00000,0x0000005ed3000000) (1024K)]
  0x000001a2f6132540 JavaThread "QuantumRenderer-0"          daemon [_thread_blocked, id=15692, stack(0x0000005ed3100000,0x0000005ed3200000) (1024K)]
  0x000001a2f6131190 JavaThread "InvokeLaterDispatcher"      daemon [_thread_blocked, id=5580, stack(0x0000005ed3f00000,0x0000005ed4000000) (1024K)]
  0x000001a2f6133260 JavaThread "JavaFX Application Thread"         [_thread_in_native, id=19748, stack(0x0000005ed4000000,0x0000005ed4100000) (1024K)]
  0x000001a2f61338f0 JavaThread "Thread-2"                   daemon [_thread_in_native, id=11768, stack(0x0000005ed2d00000,0x0000005ed2e00000) (1024K)]
  0x000001a2f6131eb0 JavaThread "VMCommsSimulation"                 [_thread_in_native, id=15604, stack(0x0000005ed4200000,0x0000005ed4300000) (1024K)]
  0x000001a2f6130470 JavaThread "SimulationThread"                  [_thread_blocked, id=9568, stack(0x0000005ed4300000,0x0000005ed4400000) (1024K)]
  0x000001a2f6134610 JavaThread "AWT-Shutdown"                      [_thread_blocked, id=3628, stack(0x0000005ed1400000,0x0000005ed1500000) (1024K)]
=>0x000001a2f6134ca0 JavaThread "AWT-EventQueue-0"                  [_thread_in_native, id=6796, stack(0x0000005ed1500000,0x0000005ed1600000) (1024K)]
Total: 26

Other Threads:
  0x000001a2f1626fa0 VMThread "VM Thread"                           [id=7668, stack(0x0000005ed1d00000,0x0000005ed1e00000) (1024K)]
  0x000001a2f160cf20 WatcherThread "VM Periodic Task Thread"        [id=14132, stack(0x0000005ed1c00000,0x0000005ed1d00000) (1024K)]
  0x000001a2d1f926a0 WorkerThread "GC Thread#0"                     [id=17868, stack(0x0000005ed1700000,0x0000005ed1800000) (1024K)]
  0x000001a2f67f5be0 WorkerThread "GC Thread#1"                     [id=15424, stack(0x0000005ed3200000,0x0000005ed3300000) (1024K)]
  0x000001a2f6b4f110 WorkerThread "GC Thread#2"                     [id=18248, stack(0x0000005ed3300000,0x0000005ed3400000) (1024K)]
  0x000001a2f6b4f4b0 WorkerThread "GC Thread#3"                     [id=5036, stack(0x0000005ed3400000,0x0000005ed3500000) (1024K)]
  0x000001a2f6b4f850 WorkerThread "GC Thread#4"                     [id=16184, stack(0x0000005ed3500000,0x0000005ed3600000) (1024K)]
  0x000001a2f6b4fbf0 WorkerThread "GC Thread#5"                     [id=15444, stack(0x0000005ed3600000,0x0000005ed3700000) (1024K)]
  0x000001a2f6b4ff90 WorkerThread "GC Thread#6"                     [id=15788, stack(0x0000005ed3700000,0x0000005ed3800000) (1024K)]
  0x000001a2f6b52740 WorkerThread "GC Thread#7"                     [id=12268, stack(0x0000005ed3800000,0x0000005ed3900000) (1024K)]
  0x000001a2f6b52ae0 WorkerThread "GC Thread#8"                     [id=16056, stack(0x0000005ed3900000,0x0000005ed3a00000) (1024K)]
  0x000001a2f6b55940 WorkerThread "GC Thread#9"                     [id=5340, stack(0x0000005ed3a00000,0x0000005ed3b00000) (1024K)]
  0x000001a2d1fa39a0 ConcurrentGCThread "G1 Main Marker"            [id=12260, stack(0x0000005ed1800000,0x0000005ed1900000) (1024K)]
  0x000001a2d1fa44a0 WorkerThread "G1 Conc#0"                       [id=20492, stack(0x0000005ed1900000,0x0000005ed1a00000) (1024K)]
  0x000001a2f14de1f0 ConcurrentGCThread "G1 Refine#0"               [id=14268, stack(0x0000005ed1a00000,0x0000005ed1b00000) (1024K)]
  0x000001a2f14deb70 ConcurrentGCThread "G1 Service"                [id=7368, stack(0x0000005ed1b00000,0x0000005ed1c00000) (1024K)]
Total: 16

Threads with active compile tasks:
Total: 0

VM state: not at safepoint (normal execution)

VM Mutex/Monitor currently owned by a thread: None

Heap address: 0x0000000704e00000, size: 4018 MB, Compressed Oops mode: Zero based, Oop shift amount: 3

CDS archive(s) mapped at: [0x000001a280000000-0x000001a280c90000-0x000001a280c90000), size 13172736, SharedBaseAddress: 0x000001a280000000, ArchiveRelocationMode: 1.
Compressed class space mapped at: 0x000001a281000000-0x000001a2c1000000, reserved size: 1073741824
Narrow klass base: 0x000001a280000000, Narrow klass shift: 0, Narrow klass range: 0x100000000

GC Precious Log:
 CardTable entry size: 512
 Card Set container configuration: InlinePtr #cards 4 size 8 Array Of Cards #cards 16 size 48 Howl #buckets 8 coarsen threshold 3686 Howl Bitmap #cards 512 size 80 coarsen threshold 460 Card regions per heap region 1 cards per card region 4096
 CPUs: 12 total, 12 available
 Memory: 16067M
 Large Page Support: Disabled
 NUMA Support: Disabled
 Compressed Oops: Enabled (Zero based)
 Heap Region Size: 2M
 Heap Min Capacity: 8M
 Heap Initial Capacity: 252M
 Heap Max Capacity: 4018M
 Pre-touch: Disabled
 Parallel Workers: 10
 Concurrent Workers: 3
 Concurrent Refinement Workers: 10
 Periodic GC: Disabled

Heap:
 garbage-first heap   total 49152K, used 5225K [0x0000000704e00000, 0x0000000800000000)
  region size 2048K, 2 young (4096K), 1 survivors (2048K)
 Metaspace       used 9359K, committed 9664K, reserved 1114112K
  class space    used 911K, committed 1088K, reserved 1048576K

Heap Regions: E=young(eden), S=young(survivor), O=old, HS=humongous(starts), HC=humongous(continues), CS=collection set, F=free, TAMS=top-at-mark-start, PB=parsable bottom
|   0|0x0000000704e00000, 0x0000000704fd2720, 0x0000000705000000| 91%| O|  |TAMS 0x0000000704e00000| PB 0x0000000704e00000| Untracked 
|   1|0x0000000705000000, 0x00000007050906a8, 0x0000000705200000| 28%| O|  |TAMS 0x0000000705000000| PB 0x0000000705000000| Untracked 
|   2|0x0000000705200000, 0x0000000705229858, 0x0000000705400000|  8%| O|  |TAMS 0x0000000705200000| PB 0x0000000705200000| Untracked 
|   3|0x0000000705400000, 0x0000000705413750, 0x0000000705600000|  3%| O|  |TAMS 0x0000000705400000| PB 0x0000000705400000| Untracked 
|   4|0x0000000705600000, 0x0000000705608b90, 0x0000000705800000|  1%| O|  |TAMS 0x0000000705600000| PB 0x0000000705600000| Untracked 
|   5|0x0000000705800000, 0x0000000705866128, 0x0000000705a00000| 19%| O|  |TAMS 0x0000000705800000| PB 0x0000000705800000| Untracked 
|   6|0x0000000705a00000, 0x0000000705a00000, 0x0000000705c00000|  0%| F|  |TAMS 0x0000000705a00000| PB 0x0000000705a00000| Untracked 
|   7|0x0000000705c00000, 0x0000000705c00000, 0x0000000705e00000|  0%| F|  |TAMS 0x0000000705c00000| PB 0x0000000705c00000| Untracked 
|   8|0x0000000705e00000, 0x0000000705e00000, 0x0000000706000000|  0%| F|  |TAMS 0x0000000705e00000| PB 0x0000000705e00000| Untracked 
|   9|0x0000000706000000, 0x0000000706000000, 0x0000000706200000|  0%| F|  |TAMS 0x0000000706000000| PB 0x0000000706000000| Untracked 
|  10|0x0000000706200000, 0x0000000706200000, 0x0000000706400000|  0%| F|  |TAMS 0x0000000706200000| PB 0x0000000706200000| Untracked 
|  11|0x0000000706400000, 0x0000000706400000, 0x0000000706600000|  0%| F|  |TAMS 0x0000000706400000| PB 0x0000000706400000| Untracked 
|  12|0x0000000706600000, 0x0000000706600000, 0x0000000706800000|  0%| F|  |TAMS 0x0000000706600000| PB 0x0000000706600000| Untracked 
|  13|0x0000000706800000, 0x0000000706800000, 0x0000000706a00000|  0%| F|  |TAMS 0x0000000706800000| PB 0x0000000706800000| Untracked 
|  14|0x0000000706a00000, 0x0000000706a00000, 0x0000000706c00000|  0%| F|  |TAMS 0x0000000706a00000| PB 0x0000000706a00000| Untracked 
|  15|0x0000000706c00000, 0x0000000706c00000, 0x0000000706e00000|  0%| F|  |TAMS 0x0000000706c00000| PB 0x0000000706c00000| Untracked 
|  16|0x0000000706e00000, 0x0000000706e00000, 0x0000000707000000|  0%| F|  |TAMS 0x0000000706e00000| PB 0x0000000706e00000| Untracked 
|  17|0x0000000707000000, 0x0000000707000000, 0x0000000707200000|  0%| F|  |TAMS 0x0000000707000000| PB 0x0000000707000000| Untracked 
|  18|0x0000000707200000, 0x0000000707200000, 0x0000000707400000|  0%| F|  |TAMS 0x0000000707200000| PB 0x0000000707200000| Untracked 
|  19|0x0000000707400000, 0x0000000707400000, 0x0000000707600000|  0%| F|  |TAMS 0x0000000707400000| PB 0x0000000707400000| Untracked 
|  20|0x0000000707600000, 0x000000070760bac0, 0x0000000707800000|  2%| S|CS|TAMS 0x0000000707600000| PB 0x0000000707600000| Complete 
|  21|0x0000000707800000, 0x0000000707800000, 0x0000000707a00000|  0%| F|  |TAMS 0x0000000707800000| PB 0x0000000707800000| Untracked 
|  22|0x0000000707a00000, 0x0000000707b7f1d8, 0x0000000707c00000| 74%| E|  |TAMS 0x0000000707a00000| PB 0x0000000707a00000| Complete 
| 119|0x0000000713c00000, 0x0000000713e00000, 0x0000000713e00000|100%| O|  |TAMS 0x0000000713c00000| PB 0x0000000713c00000| Untracked 

Card table byte_map: [0x000001a2ea330000,0x000001a2eab10000] _byte_map_base: 0x000001a2e6b09000

Marking Bits: (CMBitMap*) 0x000001a2d1f935b0
 Bits: [0x000001a2eab10000, 0x000001a2ee9d8000)

Polling page: 0x000001a2cfe60000

Metaspace:

Usage:
  Non-class:      8.25 MB used.
      Class:    911.06 KB used.
       Both:      9.14 MB used.

Virtual space:
  Non-class space:       64.00 MB reserved,       8.38 MB ( 13%) committed,  1 nodes.
      Class space:        1.00 GB reserved,       1.06 MB ( <1%) committed,  1 nodes.
             Both:        1.06 GB reserved,       9.44 MB ( <1%) committed. 

Chunk freelists:
   Non-Class:  7.34 MB
       Class:  14.98 MB
        Both:  22.33 MB

MaxMetaspaceSize: unlimited
CompressedClassSpaceSize: 1.00 GB
Initial GC threshold: 21.00 MB
Current GC threshold: 21.00 MB
CDS: on
 - commit_granule_bytes: 65536.
 - commit_granule_words: 8192.
 - virtual_space_node_default_size: 8388608.
 - enlarge_chunks_in_place: 1.
 - use_allocation_guard: 0.


Internal statistics:

num_allocs_failed_limit: 0.
num_arena_births: 206.
num_arena_deaths: 0.
num_vsnodes_births: 2.
num_vsnodes_deaths: 0.
num_space_committed: 151.
num_space_uncommitted: 0.
num_chunks_returned_to_freelist: 0.
num_chunks_taken_from_freelist: 363.
num_chunk_merges: 0.
num_chunk_splits: 237.
num_chunks_enlarged: 152.
num_inconsistent_stats: 0.

CodeHeap 'non-profiled nmethods': size=120000Kb used=549Kb max_used=549Kb free=119450Kb
 bounds [0x000001a2e20d0000, 0x000001a2e2340000, 0x000001a2e9600000]
CodeHeap 'profiled nmethods': size=120000Kb used=2561Kb max_used=2561Kb free=117438Kb
 bounds [0x000001a2da600000, 0x000001a2da890000, 0x000001a2e1b30000]
CodeHeap 'non-nmethods': size=5760Kb used=1668Kb max_used=1692Kb free=4091Kb
 bounds [0x000001a2e1b30000, 0x000001a2e1da0000, 0x000001a2e20d0000]
 total_blobs=2066 nmethods=1405 adapters=566
 compilation: enabled
              stopped_count=0, restarted_count=0
 full_count=0

Compilation events (20 events):
Event: 41.764 Thread 0x000001a2f1672a80 1396   !   4       sun.nio.ch.FileChannelImpl::fileLockTable (85 bytes)
Event: 41.765 Thread 0x000001a2f1672a80 nmethod 1396 0x000001a2e2152e90 code [0x000001a2e2153000, 0x000001a2e21530b8]
Event: 48.819 Thread 0x000001a2f1674530 1397       3       java.lang.Thread::isVirtual (5 bytes)
Event: 48.819 Thread 0x000001a2f1674530 nmethod 1397 0x000001a2da87bf90 code [0x000001a2da87c120, 0x000001a2da87c328]
Event: 58.286 Thread 0x000001a2f1674530 1398       3       java.util.HashMap::tableSizeFor (32 bytes)
Event: 58.287 Thread 0x000001a2f1674530 nmethod 1398 0x000001a2da87c390 code [0x000001a2da87c540, 0x000001a2da87c758]
Event: 92.497 Thread 0x000001a2f1672a80 1399       4       com.sun.javafx.tk.quantum.QuantumToolkit$$Lambda/0x000001a2810f0a70::run (8 bytes)
Event: 92.503 Thread 0x000001a2f1672a80 nmethod 1399 0x000001a2e2153190 code [0x000001a2e2153360, 0x000001a2e2153a60]
Event: 93.146 Thread 0x000001a2f1672a80 1400       4       greenfoot.vmcomm.VMCommsSimulation::readCommands (680 bytes)
Event: 93.161 Thread 0x000001a2f1672a80 nmethod 1400 0x000001a2e2153e10 code [0x000001a2e21540a0, 0x000001a2e2154ef0]
Event: 93.161 Thread 0x000001a2f1672a80 1401   !   4       greenfoot.vmcomm.VMCommsSimulation::doInterVMComms (789 bytes)
Event: 93.203 Thread 0x000001a2f1672a80 nmethod 1401 0x000001a2e2155810 code [0x000001a2e2155be0, 0x000001a2e21580c8]
Event: 213.839 Thread 0x000001a2f1674530 1402       3       java.lang.ref.ReferenceQueue::poll0 (65 bytes)
Event: 213.839 Thread 0x000001a2f1674530 nmethod 1402 0x000001a2da87c810 code [0x000001a2da87c9e0, 0x000001a2da87cf20]
Event: 213.839 Thread 0x000001a2f1674530 1403   !   3       java.util.concurrent.ConcurrentHashMap::replaceNode (437 bytes)
Event: 213.843 Thread 0x000001a2f1674530 nmethod 1403 0x000001a2da87d010 code [0x000001a2da87d3a0, 0x000001a2da87eed8]
Event: 213.843 Thread 0x000001a2f1674530 1404       3       java.util.concurrent.ConcurrentHashMap::remove (8 bytes)
Event: 213.843 Thread 0x000001a2f1674530 nmethod 1404 0x000001a2da87fc90 code [0x000001a2da87fe40, 0x000001a2da87ffa8]
Event: 213.843 Thread 0x000001a2f1674530 1405       3       java.lang.invoke.MethodType::methodType (21 bytes)
Event: 213.843 Thread 0x000001a2f1674530 nmethod 1405 0x000001a2da880090 code [0x000001a2da880240, 0x000001a2da880418]

GC Heap History (6 events):
Event: 4.117 GC heap before
{Heap before GC invocations=0 (full 0):
 garbage-first heap   total 258048K, used 10240K [0x0000000704e00000, 0x0000000800000000)
  region size 2048K, 6 young (12288K), 0 survivors (0K)
 Metaspace       used 6664K, committed 6848K, reserved 1114112K
  class space    used 629K, committed 704K, reserved 1048576K
}
Event: 4.125 GC heap after
{Heap after GC invocations=1 (full 0):
 garbage-first heap   total 258048K, used 3969K [0x0000000704e00000, 0x0000000800000000)
  region size 2048K, 1 young (2048K), 1 survivors (2048K)
 Metaspace       used 6664K, committed 6848K, reserved 1114112K
  class space    used 629K, committed 704K, reserved 1048576K
}
Event: 6.565 GC heap before
{Heap before GC invocations=1 (full 0):
 garbage-first heap   total 258048K, used 10113K [0x0000000704e00000, 0x0000000800000000)
  region size 2048K, 6 young (12288K), 1 survivors (2048K)
 Metaspace       used 9312K, committed 9664K, reserved 1114112K
  class space    used 908K, committed 1088K, reserved 1048576K
}
Event: 6.576 GC heap after
{Heap after GC invocations=2 (full 1):
 garbage-first heap   total 49152K, used 5178K [0x0000000704e00000, 0x0000000800000000)
  region size 2048K, 0 young (0K), 0 survivors (0K)
 Metaspace       used 9312K, committed 9664K, reserved 1114112K
  class space    used 908K, committed 1088K, reserved 1048576K
}
Event: 149.001 GC heap before
{Heap before GC invocations=2 (full 1):
 garbage-first heap   total 49152K, used 9274K [0x0000000704e00000, 0x0000000800000000)
  region size 2048K, 2 young (4096K), 0 survivors (0K)
 Metaspace       used 9343K, committed 9664K, reserved 1114112K
  class space    used 909K, committed 1088K, reserved 1048576K
}
Event: 149.004 GC heap after
{Heap after GC invocations=3 (full 1):
 garbage-first heap   total 49152K, used 5225K [0x0000000704e00000, 0x0000000800000000)
  region size 2048K, 1 young (2048K), 1 survivors (2048K)
 Metaspace       used 9343K, committed 9664K, reserved 1114112K
  class space    used 909K, committed 1088K, reserved 1048576K
}

Dll operation events (20 events):
Event: 5.280 Loaded shared library C:\Users\aadan\.openjfx\cache\21.0.3+2\amd64\api-ms-win-crt-filesystem-l1-1-0.dll
Event: 5.313 Loaded shared library C:\Users\aadan\.openjfx\cache\21.0.3+2\amd64\api-ms-win-crt-heap-l1-1-0.dll
Event: 5.462 Loaded shared library C:\Users\aadan\.openjfx\cache\21.0.3+2\amd64\api-ms-win-crt-locale-l1-1-0.dll
Event: 5.546 Loaded shared library C:\Users\aadan\.openjfx\cache\21.0.3+2\amd64\api-ms-win-crt-math-l1-1-0.dll
Event: 5.583 Loaded shared library C:\Users\aadan\.openjfx\cache\21.0.3+2\amd64\api-ms-win-crt-multibyte-l1-1-0.dll
Event: 5.613 Loaded shared library C:\Users\aadan\.openjfx\cache\21.0.3+2\amd64\api-ms-win-crt-private-l1-1-0.dll
Event: 5.640 Loaded shared library C:\Users\aadan\.openjfx\cache\21.0.3+2\amd64\api-ms-win-crt-process-l1-1-0.dll
Event: 5.672 Loaded shared library C:\Users\aadan\.openjfx\cache\21.0.3+2\amd64\api-ms-win-crt-runtime-l1-1-0.dll
Event: 5.715 Loaded shared library C:\Users\aadan\.openjfx\cache\21.0.3+2\amd64\api-ms-win-crt-stdio-l1-1-0.dll
Event: 5.763 Loaded shared library C:\Users\aadan\.openjfx\cache\21.0.3+2\amd64\api-ms-win-crt-string-l1-1-0.dll
Event: 5.799 Loaded shared library C:\Users\aadan\.openjfx\cache\21.0.3+2\amd64\api-ms-win-crt-time-l1-1-0.dll
Event: 5.828 Loaded shared library C:\Users\aadan\.openjfx\cache\21.0.3+2\amd64\api-ms-win-crt-utility-l1-1-0.dll
Event: 5.869 Loaded shared library C:\Users\aadan\.openjfx\cache\21.0.3+2\amd64\ucrtbase.dll
Event: 5.887 Loaded shared library C:\Users\aadan\.openjfx\cache\21.0.3+2\amd64\vcruntime140.dll
Event: 5.902 Loaded shared library C:\Users\aadan\.openjfx\cache\21.0.3+2\amd64\vcruntime140_1.dll
Event: 5.930 Loaded shared library C:\Users\aadan\.openjfx\cache\21.0.3+2\amd64\msvcp140.dll
Event: 5.943 Loaded shared library C:\Users\aadan\.openjfx\cache\21.0.3+2\amd64\msvcp140_1.dll
Event: 5.964 Loaded shared library C:\Users\aadan\.openjfx\cache\21.0.3+2\amd64\msvcp140_2.dll
Event: 6.043 Loaded shared library C:\Users\aadan\.openjfx\cache\21.0.3+2\amd64\prism_d3d.dll
Event: 6.347 Loaded shared library C:\Users\aadan\.openjfx\cache\21.0.3+2\amd64\glass.dll

Deoptimization events (20 events):
Event: 6.550 Thread 0x000001a2f6131820 DEOPT PACKING pc=0x000001a2da6821e4 sp=0x0000005ed2bfe6c0
Event: 6.550 Thread 0x000001a2f6131820 DEOPT UNPACKING pc=0x000001a2e1b84e42 sp=0x0000005ed2bfdba0 mode 1
Event: 6.550 Thread 0x000001a2f6131820 DEOPT PACKING pc=0x000001a2da6dab54 sp=0x0000005ed2bfe8b0
Event: 6.550 Thread 0x000001a2f6131820 DEOPT UNPACKING pc=0x000001a2e1b84e42 sp=0x0000005ed2bfdd60 mode 1
Event: 6.550 Thread 0x000001a2f6131820 DEOPT PACKING pc=0x000001a2da6dab54 sp=0x0000005ed2bfe5e0
Event: 6.550 Thread 0x000001a2f6131820 DEOPT UNPACKING pc=0x000001a2e1b84e42 sp=0x0000005ed2bfda90 mode 1
Event: 6.550 Thread 0x000001a2f6131820 DEOPT PACKING pc=0x000001a2da6821e4 sp=0x0000005ed2bfe6c0
Event: 6.550 Thread 0x000001a2f6131820 DEOPT UNPACKING pc=0x000001a2e1b84e42 sp=0x0000005ed2bfdba0 mode 1
Event: 6.550 Thread 0x000001a2f6131820 DEOPT PACKING pc=0x000001a2da6dab54 sp=0x0000005ed2bfe8b0
Event: 6.550 Thread 0x000001a2f6131820 DEOPT UNPACKING pc=0x000001a2e1b84e42 sp=0x0000005ed2bfdd60 mode 1
Event: 6.550 Thread 0x000001a2f6131820 DEOPT PACKING pc=0x000001a2da6dab54 sp=0x0000005ed2bfe5e0
Event: 6.550 Thread 0x000001a2f6131820 DEOPT UNPACKING pc=0x000001a2e1b84e42 sp=0x0000005ed2bfda90 mode 1
Event: 6.550 Thread 0x000001a2f6131820 DEOPT PACKING pc=0x000001a2da6821e4 sp=0x0000005ed2bfe6c0
Event: 6.550 Thread 0x000001a2f6131820 DEOPT UNPACKING pc=0x000001a2e1b84e42 sp=0x0000005ed2bfdba0 mode 1
Event: 6.551 Thread 0x000001a2f6131820 DEOPT PACKING pc=0x000001a2da6dab54 sp=0x0000005ed2bfe8b0
Event: 6.551 Thread 0x000001a2f6131820 DEOPT UNPACKING pc=0x000001a2e1b84e42 sp=0x0000005ed2bfdd60 mode 1
Event: 6.554 Thread 0x000001a2f6131820 Uncommon trap: trap_request=0xffffff45 fr.pc=0x000001a2e2119680 relative=0x0000000000000160
Event: 6.554 Thread 0x000001a2f6131820 Uncommon trap: reason=unstable_if action=reinterpret pc=0x000001a2e2119680 method=java.util.concurrent.locks.ReentrantLock$NonfairSync.initialTryLock()Z @ 10 c2
Event: 6.554 Thread 0x000001a2f6131820 DEOPT PACKING pc=0x000001a2e2119680 sp=0x0000005ed2bff4c0
Event: 6.554 Thread 0x000001a2f6131820 DEOPT UNPACKING pc=0x000001a2e1b846a2 sp=0x0000005ed2bff468 mode 2

Classes loaded (20 events):
Event: 6.496 Loading class java/nio/channels/FileLock done
Event: 6.496 Loading class sun/nio/ch/FileLockImpl done
Event: 6.496 Loading class sun/nio/ch/FileLockTable
Event: 6.496 Loading class sun/nio/ch/FileLockTable done
Event: 6.496 Loading class sun/nio/ch/FileKey
Event: 6.496 Loading class sun/nio/ch/FileKey done
Event: 6.496 Loading class sun/nio/ch/FileLockTable$FileLockReference
Event: 6.496 Loading class sun/nio/ch/FileLockTable$FileLockReference done
Event: 6.500 Loading class jdk/internal/event/ThreadSleepEvent
Event: 6.500 Loading class jdk/internal/event/ThreadSleepEvent done
Event: 6.515 Loading class java/util/ComparableTimSort
Event: 6.516 Loading class java/util/ComparableTimSort done
Event: 6.532 Loading class javax/sound/sampled/UnsupportedAudioFileException
Event: 6.532 Loading class javax/sound/sampled/UnsupportedAudioFileException done
Event: 6.551 Loading class jdk/internal/loader/URLClassPath$FileLoader$1
Event: 6.552 Loading class jdk/internal/loader/URLClassPath$FileLoader$1 done
Event: 213.840 Loading class java/util/LinkedList$ListItr
Event: 213.840 Loading class java/util/LinkedList$ListItr done
Event: 213.844 Loading class java/util/ArrayList$ListItr
Event: 213.844 Loading class java/util/ArrayList$ListItr done

Classes unloaded (0 events):
No events

Classes redefined (0 events):
No events

Internal exceptions (20 events):
Event: 3.389 Thread 0x000001a2f6131190 Exception <a 'java/lang/NoSuchMethodError'{0x00000007142c1f80}: 'java.lang.Object java.lang.invoke.DirectMethodHandle$Holder.newInvokeSpecial(java.lang.Object, java.lang.Object, java.lang.Object, java.lang.Object, java.lang.Object, java.lang.Object, java.lang.Object, java.lang.Object)'> (0x00000007142c1f80) 
thrown [s\src\hotspot\share\interpreter\linkResolver.cpp, line 773]
Event: 3.395 Thread 0x000001a2f6131190 Exception <a 'java/lang/NoSuchMethodError'{0x00000007142d26f0}: 'java.lang.Object java.lang.invoke.DirectMethodHandle$Holder.invokeStatic(java.lang.Object, java.lang.Object, int)'> (0x00000007142d26f0) 
thrown [s\src\hotspot\share\interpreter\linkResolver.cpp, line 773]
Event: 3.397 Thread 0x000001a2f6131190 Exception <a 'java/lang/NoSuchMethodError'{0x00000007142dd1c8}: 'void java.lang.invoke.DelegatingMethodHandle$Holder.delegate(java.lang.Object, java.lang.Object, int, java.lang.Object)'> (0x00000007142dd1c8) 
thrown [s\src\hotspot\share\interpreter\linkResolver.cpp, line 773]
Event: 3.398 Thread 0x000001a2f6131190 Exception <a 'java/lang/NoSuchMethodError'{0x00000007142e13c0}: 'int java.lang.invoke.DirectMethodHandle$Holder.invokeSpecial(java.lang.Object, java.lang.Object, java.lang.Object)'> (0x00000007142e13c0) 
thrown [s\src\hotspot\share\interpreter\linkResolver.cpp, line 773]
Event: 3.583 Thread 0x000001a2f6133260 Exception <a 'java/lang/ClassNotFoundException'{0x00000007140d0ad8}: sun/net/www/protocol/c/Handler> (0x00000007140d0ad8) 
thrown [s\src\hotspot\share\classfile\systemDictionary.cpp, line 312]
Event: 3.713 Thread 0x000001a2f6133260 Exception <a 'java/lang/NoSuchMethodError'{0x0000000714134740}: 'java.lang.Object java.lang.invoke.DirectMethodHandle$Holder.invokeStaticInit(java.lang.Object, int, int, int, int)'> (0x0000000714134740) 
thrown [s\src\hotspot\share\interpreter\linkResolver.cpp, line 773]
Event: 3.789 Thread 0x000001a2f6133260 Exception <a 'java/lang/NoSuchMethodError'{0x0000000713e06748}: 'java.lang.Object java.lang.invoke.DirectMethodHandle$Holder.invokeStaticInit(java.lang.Object, java.lang.Object, int, int, int, int)'> (0x0000000713e06748) 
thrown [s\src\hotspot\share\interpreter\linkResolver.cpp, line 773]
Event: 4.049 Thread 0x000001a2f6131820 Exception <a 'java/lang/NoSuchMethodError'{0x0000000713efe008}: 'void java.lang.invoke.DirectMethodHandle$Holder.invokeSpecial(java.lang.Object, java.lang.Object, java.lang.Object)'> (0x0000000713efe008) 
thrown [s\src\hotspot\share\interpreter\linkResolver.cpp, line 773]
Event: 4.054 Thread 0x000001a2f6131820 Exception <a 'java/lang/NoSuchMethodError'{0x0000000713f08380}: 'void java.lang.invoke.DirectMethodHandle$Holder.invokeStatic(java.lang.Object, java.lang.Object, java.lang.Object)'> (0x0000000713f08380) 
thrown [s\src\hotspot\share\interpreter\linkResolver.cpp, line 773]
Event: 4.115 Thread 0x000001a2f6131eb0 Exception <a 'java/lang/NoSuchMethodError'{0x0000000713ff8ae8}: 'java.lang.Object java.lang.invoke.DirectMethodHandle$Holder.invokeStatic(java.lang.Object, int, java.lang.Object)'> (0x0000000713ff8ae8) 
thrown [s\src\hotspot\share\interpreter\linkResolver.cpp, line 773]
Event: 4.132 Thread 0x000001a2f6131eb0 Exception <a 'java/lang/ClassNotFoundException'{0x0000000714809e58}: sun/util/logging/resources/spi/loggingProvider> (0x0000000714809e58) 
thrown [s\src\hotspot\share\classfile\systemDictionary.cpp, line 312]
Event: 6.298 Thread 0x000001a2f6131eb0 Exception <a 'java/lang/NoSuchMethodError'{0x000000071420f648}: 'int java.lang.invoke.DirectMethodHandle$Holder.invokeStaticInit(java.lang.Object, java.lang.Object, java.lang.Object)'> (0x000000071420f648) 
thrown [s\src\hotspot\share\interpreter\linkResolver.cpp, line 773]
Event: 6.355 Thread 0x000001a2f6131eb0 Exception <a 'java/lang/NoSuchMethodError'{0x00000007142a67b8}: 'java.lang.Object java.lang.invoke.DirectMethodHandle$Holder.newInvokeSpecial(java.lang.Object, java.lang.Object, int, java.lang.Object)'> (0x00000007142a67b8) 
thrown [s\src\hotspot\share\interpreter\linkResolver.cpp, line 773]
Event: 6.355 Thread 0x000001a2f6131eb0 Exception <a 'java/lang/NoSuchMethodError'{0x00000007142aa480}: 'java.lang.Object java.lang.invoke.DirectMethodHandle$Holder.invokeSpecial(java.lang.Object, java.lang.Object, java.lang.Object, int, java.lang.Object)'> (0x00000007142aa480) 
thrown [s\src\hotspot\share\interpreter\linkResolver.cpp, line 773]
Event: 6.356 Thread 0x000001a2f6131eb0 Exception <a 'java/lang/NoSuchMethodError'{0x00000007142b0f20}: 'void java.lang.invoke.DirectMethodHandle$Holder.invokeSpecial(java.lang.Object, java.lang.Object, int, java.lang.Object)'> (0x00000007142b0f20) 
thrown [s\src\hotspot\share\interpreter\linkResolver.cpp, line 773]
Event: 6.471 Thread 0x000001a2f6133260 Exception <a 'java/lang/NoSuchMethodError'{0x00000007143f8470}: 'void java.lang.invoke.DirectMethodHandle$Holder.invokeStaticInit(java.lang.Object)'> (0x00000007143f8470) 
thrown [s\src\hotspot\share\interpreter\linkResolver.cpp, line 773]
Event: 6.485 Thread 0x000001a2f6131820 Exception <a 'java/lang/NoSuchMethodError'{0x000000071409b3a8}: 'int java.lang.invoke.DirectMethodHandle$Holder.invokeSpecial(java.lang.Object, java.lang.Object, java.lang.Object, int)'> (0x000000071409b3a8) 
thrown [s\src\hotspot\share\interpreter\linkResolver.cpp, line 773]
Event: 6.487 Thread 0x000001a2f6131820 Exception <a 'java/lang/NoSuchMethodError'{0x00000007140ad890}: 'java.lang.Object java.lang.invoke.DirectMethodHandle$Holder.invokeStatic(java.lang.Object, java.lang.Object, java.lang.Object, java.lang.Object, int)'> (0x00000007140ad890) 
thrown [s\src\hotspot\share\interpreter\linkResolver.cpp, line 773]
Event: 6.489 Thread 0x000001a2f6131820 Exception <a 'java/lang/NoSuchMethodError'{0x00000007140b5130}: 'long java.lang.invoke.DirectMethodHandle$Holder.invokeStatic(java.lang.Object, java.lang.Object, int)'> (0x00000007140b5130) 
thrown [s\src\hotspot\share\interpreter\linkResolver.cpp, line 773]
Event: 6.490 Thread 0x000001a2f6131820 Exception <a 'java/lang/NoSuchMethodError'{0x00000007140bf798}: 'java.lang.Object java.lang.invoke.DelegatingMethodHandle$Holder.reinvoke_L(java.lang.Object, int, long, java.lang.Object, java.lang.Object, int, java.lang.Object)'> (0x00000007140bf798) 
thrown [s\src\hotspot\share\interpreter\linkResolver.cpp, line 773]

ZGC Phase Switch (0 events):
No events

VM Operations (20 events):
Event: 26.593 Executing VM operation: Cleanup
Event: 26.593 Executing VM operation: Cleanup done
Event: 27.594 Executing VM operation: Cleanup
Event: 27.594 Executing VM operation: Cleanup done
Event: 34.614 Executing VM operation: Cleanup
Event: 34.614 Executing VM operation: Cleanup done
Event: 36.615 Executing VM operation: Cleanup
Event: 36.615 Executing VM operation: Cleanup done
Event: 60.209 Executing VM operation: HandshakeAllThreads (HandshakeForDeflation)
Event: 60.209 Executing VM operation: HandshakeAllThreads (HandshakeForDeflation) done
Event: 60.209 Executing VM operation: RendezvousGCThreads
Event: 60.209 Executing VM operation: RendezvousGCThreads done
Event: 149.001 Executing VM operation: G1CollectForAllocation (G1 Evacuation Pause)
Event: 149.004 Executing VM operation: G1CollectForAllocation (G1 Evacuation Pause) done
Event: 165.011 Executing VM operation: Cleanup
Event: 165.011 Executing VM operation: Cleanup done
Event: 213.845 Executing VM operation: HandshakeAllThreads (Deoptimize)
Event: 213.845 Executing VM operation: HandshakeAllThreads (Deoptimize) done
Event: 213.845 Executing VM operation: Cleanup
Event: 213.845 Executing VM operation: Cleanup done

Memory protections (0 events):
No events

Nmethod flushes (0 events):
No events

Events (20 events):
Event: 6.497 Thread 0x000001a2f61338f0 Thread added: 0x000001a2f61338f0
Event: 6.498 Thread 0x000001a2f6131820 Thread added: 0x000001a2f6131eb0
Event: 6.553 Thread 0x000001a2f6131820 Thread added: 0x000001a2f6130470
Event: 6.555 Thread 0x000001a2f6131820 Thread exited: 0x000001a2f6131820
Event: 27.304 Thread 0x000001a2f1650660 Thread added: 0x000001a2f6134610
Event: 28.316 Thread 0x000001a2f6134610 Thread exited: 0x000001a2f6134610
Event: 29.840 Thread 0x000001a2f1650660 Thread added: 0x000001a2f6134610
Event: 30.893 Thread 0x000001a2f6134610 Thread exited: 0x000001a2f6134610
Event: 31.075 Thread 0x000001a2f1650660 Thread added: 0x000001a2f6131820
Event: 32.097 Thread 0x000001a2f6131820 Thread exited: 0x000001a2f6131820
Event: 40.385 Thread 0x000001a2f1650660 Thread added: 0x000001a2f6134610
Event: 41.950 Thread 0x000001a2f6134610 Thread exited: 0x000001a2f6134610
Event: 42.475 Thread 0x000001a2f1650660 Thread added: 0x000001a2f6134ca0
Event: 43.477 Thread 0x000001a2f6134ca0 Thread exited: 0x000001a2f6134ca0
Event: 48.819 Thread 0x000001a2f1650660 Thread added: 0x000001a2f6131820
Event: 49.820 Thread 0x000001a2f6131820 Thread exited: 0x000001a2f6131820
Event: 57.285 Thread 0x000001a2f1650660 Thread added: 0x000001a2f6134610
Event: 58.286 Thread 0x000001a2f6134610 Thread exited: 0x000001a2f6134610
Event: 213.790 Thread 0x000001a2f1650660 Thread added: 0x000001a2f6134610
Event: 213.842 Thread 0x000001a2f1650660 Thread added: 0x000001a2f6134ca0


Dynamic libraries:
0x00007ff712e50000 - 0x00007ff712e5e000 	C:\Program Files\Greenfoot\jdk\bin\java.exe
0x00007ffbedbe0000 - 0x00007ffbede46000 	C:\Windows\SYSTEM32\ntdll.dll
0x00007ffbed330000 - 0x00007ffbed3f9000 	C:\Windows\System32\KERNEL32.DLL
0x00007ffbeb130000 - 0x00007ffbeb52a000 	C:\Windows\System32\KERNELBASE.dll
0x00007ffbeafb0000 - 0x00007ffbeb0fc000 	C:\Windows\System32\ucrtbase.dll
0x00007ffbdae40000 - 0x00007ffbdae58000 	C:\Program Files\Greenfoot\jdk\bin\jli.dll
0x00007ffbec120000 - 0x00007ffbec2e7000 	C:\Windows\System32\USER32.dll
0x00007ffbeb100000 - 0x00007ffbeb127000 	C:\Windows\System32\win32u.dll
0x00007ffbedb20000 - 0x00007ffbedb4b000 	C:\Windows\System32\GDI32.dll
0x00007ffbeb530000 - 0x00007ffbeb65b000 	C:\Windows\System32\gdi32full.dll
0x00007ffbeaf00000 - 0x00007ffbeafa3000 	C:\Windows\System32\msvcp_win.dll
0x00007ffbdae60000 - 0x00007ffbdae7b000 	C:\Program Files\Greenfoot\jdk\bin\VCRUNTIME140.dll
0x00007ffbd2f30000 - 0x00007ffbd31c2000 	C:\Windows\WinSxS\amd64_microsoft.windows.common-controls_6595b64144ccf1df_6.0.26100.8521_none_3e08b75ce33403b3\COMCTL32.dll
0x00007ffbed7c0000 - 0x00007ffbed869000 	C:\Windows\System32\msvcrt.dll
0x00007ffbedb60000 - 0x00007ffbedb92000 	C:\Windows\System32\IMM32.DLL
0x00007ffbdaff0000 - 0x00007ffbdaffc000 	C:\Program Files\Greenfoot\jdk\bin\vcruntime140_1.dll
0x00007ffb9c800000 - 0x00007ffb9c88e000 	C:\Program Files\Greenfoot\jdk\bin\msvcp140.dll
0x00007ffb673c0000 - 0x00007ffb68148000 	C:\Program Files\Greenfoot\jdk\bin\server\jvm.dll
0x00007ffbec470000 - 0x00007ffbec526000 	C:\Windows\System32\ADVAPI32.dll
0x00007ffbed400000 - 0x00007ffbed4aa000 	C:\Windows\System32\sechost.dll
0x00007ffbec000000 - 0x00007ffbec118000 	C:\Windows\System32\RPCRT4.dll
0x00007ffbed8f0000 - 0x00007ffbed970000 	C:\Windows\System32\WS2_32.dll
0x00007ffbeacd0000 - 0x00007ffbead2e000 	C:\Windows\SYSTEM32\POWRPROF.dll
0x00007ffbe1850000 - 0x00007ffbe1886000 	C:\Windows\SYSTEM32\WINMM.dll
0x00007ffbe54b0000 - 0x00007ffbe54bb000 	C:\Windows\SYSTEM32\VERSION.dll
0x00007ffbeacb0000 - 0x00007ffbeacc4000 	C:\Windows\SYSTEM32\UMPDC.dll
0x00007ffbe9b60000 - 0x00007ffbe9b7b000 	C:\Windows\SYSTEM32\kernel.appcore.dll
0x00007ffbdae30000 - 0x00007ffbdae3a000 	C:\Program Files\Greenfoot\jdk\bin\jimage.dll
0x00007ffbe8410000 - 0x00007ffbe8652000 	C:\Windows\SYSTEM32\DBGHELP.DLL
0x00007ffbecfa0000 - 0x00007ffbed323000 	C:\Windows\System32\combase.dll
0x00007ffbeb950000 - 0x00007ffbeba29000 	C:\Windows\System32\OLEAUT32.dll
0x00007ffbcb640000 - 0x00007ffbcb67b000 	C:\Windows\SYSTEM32\dbgcore.DLL
0x00007ffbeb720000 - 0x00007ffbeb7c8000 	C:\Windows\System32\bcryptPrimitives.dll
0x00007ffb9c660000 - 0x00007ffb9c69c000 	C:\Program Files\Greenfoot\jdk\bin\jdwp.dll
0x00007ffbdae10000 - 0x00007ffbdae2f000 	C:\Program Files\Greenfoot\jdk\bin\java.dll
0x00007ffbec5a0000 - 0x00007ffbecd24000 	C:\Windows\System32\SHELL32.dll
0x00007ffbe8a00000 - 0x00007ffbe9280000 	C:\Windows\SYSTEM32\windows.storage.dll
0x00007ffbecea0000 - 0x00007ffbecf96000 	C:\Windows\System32\SHCORE.dll
0x00007ffbed4b0000 - 0x00007ffbed517000 	C:\Windows\System32\shlwapi.dll
0x00007ffbead90000 - 0x00007ffbeadb9000 	C:\Windows\SYSTEM32\profapi.dll
0x00007ffb998c0000 - 0x00007ffb99997000 	C:\Program Files\Greenfoot\jdk\bin\jsvml.dll
0x00007ffb9e2f0000 - 0x00007ffb9e2fb000 	C:\Program Files\Greenfoot\jdk\bin\dt_shmem.dll
0x00007ffbdae00000 - 0x00007ffbdae10000 	C:\Program Files\Greenfoot\jdk\bin\net.dll
0x00007ffbe16b0000 - 0x00007ffbe17d9000 	C:\Windows\SYSTEM32\WINHTTP.dll
0x00007ffbea170000 - 0x00007ffbea1dc000 	C:\Windows\system32\mswsock.dll
0x00007ffbdade0000 - 0x00007ffbdadf6000 	C:\Program Files\Greenfoot\jdk\bin\nio.dll
0x00007ffbd27c0000 - 0x00007ffbd27d8000 	C:\Program Files\Greenfoot\jdk\bin\zip.dll
0x00007ffb68440000 - 0x00007ffb685ce000 	C:\Program Files\Greenfoot\jdk\bin\awt.dll
0x00007ffbe7910000 - 0x00007ffbe79b0000 	C:\Windows\SYSTEM32\apphelp.dll
0x00007ffbe7b50000 - 0x00007ffbe7bfa000 	C:\Windows\system32\uxtheme.dll
0x00007ffbecd30000 - 0x00007ffbece8d000 	C:\Windows\System32\MSCTF.dll
0x00007ffbed980000 - 0x00007ffbedb18000 	C:\Windows\System32\ole32.dll
0x00007ffbea450000 - 0x00007ffbea46b000 	C:\Windows\SYSTEM32\CRYPTSP.dll
0x00007ffbe9b80000 - 0x00007ffbe9bb9000 	C:\Windows\system32\rsaenh.dll
0x00007ffbea220000 - 0x00007ffbea253000 	C:\Windows\SYSTEM32\USERENV.dll
0x00007ffbead60000 - 0x00007ffbead8a000 	C:\Windows\SYSTEM32\bcrypt.dll
0x00007ffbea470000 - 0x00007ffbea47c000 	C:\Windows\SYSTEM32\CRYPTBASE.dll
0x00007ffbe9610000 - 0x00007ffbe9643000 	C:\Windows\SYSTEM32\IPHLPAPI.DLL
0x00007ffbeba30000 - 0x00007ffbeba3a000 	C:\Windows\System32\NSI.dll
0x00007ffbe7e50000 - 0x00007ffbe7e7f000 	C:\Windows\system32\DWMAPI.DLL
0x00007ffb68180000 - 0x00007ffb6828c000 	C:\Windows\system32\opengl32.dll
0x00007ffb74c60000 - 0x00007ffb74c8d000 	C:\Windows\SYSTEM32\GLU32.dll
0x00007ffbe7c80000 - 0x00007ffbe7cc4000 	C:\Windows\SYSTEM32\dxcore.dll
0x000001a2cfee0000 - 0x000001a2cfee3000 	C:\Users\aadan\.openjfx\cache\21.0.3+2\amd64\api-ms-win-core-console-l1-1-0.dll
0x000001a2d0290000 - 0x000001a2d0293000 	C:\Users\aadan\.openjfx\cache\21.0.3+2\amd64\api-ms-win-core-console-l1-2-0.dll
0x000001a2d02a0000 - 0x000001a2d02a3000 	C:\Users\aadan\.openjfx\cache\21.0.3+2\amd64\api-ms-win-core-datetime-l1-1-0.dll
0x000001a2d02b0000 - 0x000001a2d02b3000 	C:\Users\aadan\.openjfx\cache\21.0.3+2\amd64\api-ms-win-core-debug-l1-1-0.dll
0x000001a2d02c0000 - 0x000001a2d02c3000 	C:\Users\aadan\.openjfx\cache\21.0.3+2\amd64\api-ms-win-core-errorhandling-l1-1-0.dll
0x000001a2d1eb0000 - 0x000001a2d1eb4000 	C:\Users\aadan\.openjfx\cache\21.0.3+2\amd64\api-ms-win-core-file-l1-1-0.dll
0x000001a2d1ec0000 - 0x000001a2d1ec3000 	C:\Users\aadan\.openjfx\cache\21.0.3+2\amd64\api-ms-win-core-file-l1-2-0.dll
0x000001a2d1ed0000 - 0x000001a2d1ed3000 	C:\Users\aadan\.openjfx\cache\21.0.3+2\amd64\api-ms-win-core-file-l2-1-0.dll
0x000001a2d1ee0000 - 0x000001a2d1ee3000 	C:\Users\aadan\.openjfx\cache\21.0.3+2\amd64\api-ms-win-core-handle-l1-1-0.dll
0x000001a2f1e20000 - 0x000001a2f1e23000 	C:\Users\aadan\.openjfx\cache\21.0.3+2\amd64\api-ms-win-core-heap-l1-1-0.dll
0x000001a2f1e30000 - 0x000001a2f1e33000 	C:\Users\aadan\.openjfx\cache\21.0.3+2\amd64\api-ms-win-core-interlocked-l1-1-0.dll
0x000001a2f1e40000 - 0x000001a2f1e43000 	C:\Users\aadan\.openjfx\cache\21.0.3+2\amd64\api-ms-win-core-libraryloader-l1-1-0.dll
0x000001a2f1e50000 - 0x000001a2f1e53000 	C:\Users\aadan\.openjfx\cache\21.0.3+2\amd64\api-ms-win-core-localization-l1-2-0.dll
0x000001a2f1e60000 - 0x000001a2f1e63000 	C:\Users\aadan\.openjfx\cache\21.0.3+2\amd64\api-ms-win-core-memory-l1-1-0.dll
0x000001a2f1e70000 - 0x000001a2f1e73000 	C:\Users\aadan\.openjfx\cache\21.0.3+2\amd64\api-ms-win-core-namedpipe-l1-1-0.dll
0x000001a2f1e80000 - 0x000001a2f1e83000 	C:\Users\aadan\.openjfx\cache\21.0.3+2\amd64\api-ms-win-core-processenvironment-l1-1-0.dll
0x000001a2f1e90000 - 0x000001a2f1e93000 	C:\Users\aadan\.openjfx\cache\21.0.3+2\amd64\api-ms-win-core-processthreads-l1-1-0.dll
0x000001a2f1ea0000 - 0x000001a2f1ea3000 	C:\Users\aadan\.openjfx\cache\21.0.3+2\amd64\api-ms-win-core-processthreads-l1-1-1.dll
0x000001a2f1eb0000 - 0x000001a2f1eb3000 	C:\Users\aadan\.openjfx\cache\21.0.3+2\amd64\api-ms-win-core-profile-l1-1-0.dll
0x000001a2f1fd0000 - 0x000001a2f1fd3000 	C:\Users\aadan\.openjfx\cache\21.0.3+2\amd64\api-ms-win-core-rtlsupport-l1-1-0.dll
0x000001a2f1fe0000 - 0x000001a2f1fe3000 	C:\Users\aadan\.openjfx\cache\21.0.3+2\amd64\api-ms-win-core-string-l1-1-0.dll
0x000001a2f1ff0000 - 0x000001a2f1ff3000 	C:\Users\aadan\.openjfx\cache\21.0.3+2\amd64\api-ms-win-core-synch-l1-1-0.dll
0x000001a2f7b10000 - 0x000001a2f7b13000 	C:\Users\aadan\.openjfx\cache\21.0.3+2\amd64\api-ms-win-core-synch-l1-2-0.dll
0x000001a2f7b20000 - 0x000001a2f7b23000 	C:\Users\aadan\.openjfx\cache\21.0.3+2\amd64\api-ms-win-core-sysinfo-l1-1-0.dll
0x000001a2f7b30000 - 0x000001a2f7b33000 	C:\Users\aadan\.openjfx\cache\21.0.3+2\amd64\api-ms-win-core-timezone-l1-1-0.dll
0x000001a2f7b40000 - 0x000001a2f7b43000 	C:\Users\aadan\.openjfx\cache\21.0.3+2\amd64\api-ms-win-core-util-l1-1-0.dll
0x000001a2f7b50000 - 0x000001a2f7b53000 	C:\Users\aadan\.openjfx\cache\21.0.3+2\amd64\api-ms-win-crt-conio-l1-1-0.dll
0x000001a2f7b60000 - 0x000001a2f7b64000 	C:\Users\aadan\.openjfx\cache\21.0.3+2\amd64\api-ms-win-crt-convert-l1-1-0.dll
0x000001a2f7b70000 - 0x000001a2f7b73000 	C:\Users\aadan\.openjfx\cache\21.0.3+2\amd64\api-ms-win-crt-environment-l1-1-0.dll
0x000001a2f7b80000 - 0x000001a2f7b83000 	C:\Users\aadan\.openjfx\cache\21.0.3+2\amd64\api-ms-win-crt-filesystem-l1-1-0.dll
0x000001a2f7b90000 - 0x000001a2f7b93000 	C:\Users\aadan\.openjfx\cache\21.0.3+2\amd64\api-ms-win-crt-heap-l1-1-0.dll
0x000001a2f7ba0000 - 0x000001a2f7ba3000 	C:\Users\aadan\.openjfx\cache\21.0.3+2\amd64\api-ms-win-crt-locale-l1-1-0.dll
0x000001a2f7bb0000 - 0x000001a2f7bb5000 	C:\Users\aadan\.openjfx\cache\21.0.3+2\amd64\api-ms-win-crt-math-l1-1-0.dll
0x000001a2f7bc0000 - 0x000001a2f7bc5000 	C:\Users\aadan\.openjfx\cache\21.0.3+2\amd64\api-ms-win-crt-multibyte-l1-1-0.dll
0x000001a2f7bd0000 - 0x000001a2f7be0000 	C:\Users\aadan\.openjfx\cache\21.0.3+2\amd64\api-ms-win-crt-private-l1-1-0.dll
0x000001a2f7be0000 - 0x000001a2f7be3000 	C:\Users\aadan\.openjfx\cache\21.0.3+2\amd64\api-ms-win-crt-process-l1-1-0.dll
0x000001a2f7bf0000 - 0x000001a2f7bf4000 	C:\Users\aadan\.openjfx\cache\21.0.3+2\amd64\api-ms-win-crt-runtime-l1-1-0.dll
0x000001a2f7c00000 - 0x000001a2f7c04000 	C:\Users\aadan\.openjfx\cache\21.0.3+2\amd64\api-ms-win-crt-stdio-l1-1-0.dll
0x000001a2f7c10000 - 0x000001a2f7c14000 	C:\Users\aadan\.openjfx\cache\21.0.3+2\amd64\api-ms-win-crt-string-l1-1-0.dll
0x000001a2f7c20000 - 0x000001a2f7c23000 	C:\Users\aadan\.openjfx\cache\21.0.3+2\amd64\api-ms-win-crt-time-l1-1-0.dll
0x000001a2f7c30000 - 0x000001a2f7c33000 	C:\Users\aadan\.openjfx\cache\21.0.3+2\amd64\api-ms-win-crt-utility-l1-1-0.dll
0x00007ffb997c0000 - 0x00007ffb998bc000 	C:\Users\aadan\.openjfx\cache\21.0.3+2\amd64\ucrtbase.dll
0x00007ffbd27a0000 - 0x00007ffbd27bb000 	C:\Users\aadan\.openjfx\cache\21.0.3+2\amd64\vcruntime140.dll
0x00007ffbdadd0000 - 0x00007ffbdaddc000 	C:\Users\aadan\.openjfx\cache\21.0.3+2\amd64\vcruntime140_1.dll
0x00007ffb9c770000 - 0x00007ffb9c7fe000 	C:\Users\aadan\.openjfx\cache\21.0.3+2\amd64\msvcp140.dll
0x00007ffbd6650000 - 0x00007ffbd6659000 	C:\Users\aadan\.openjfx\cache\21.0.3+2\amd64\msvcp140_1.dll
0x00007ffb996b0000 - 0x00007ffb996f1000 	C:\Users\aadan\.openjfx\cache\21.0.3+2\amd64\msvcp140_2.dll
0x00007ffb9c740000 - 0x00007ffb9c770000 	C:\Users\aadan\.openjfx\cache\21.0.3+2\amd64\prism_d3d.dll
0x00007ffba0680000 - 0x00007ffba0831000 	C:\Windows\system32\d3d9.dll
0x00007ffba05b0000 - 0x00007ffba0674000 	C:\Windows\SYSTEM32\d3d9on12.dll
0x00007ffbe7cd0000 - 0x00007ffbe7e0a000 	C:\Windows\SYSTEM32\dxgi.dll
0x00007ffbd0c00000 - 0x00007ffbd0c25000 	C:\Windows\SYSTEM32\d3d12.dll
0x00007ffbea9e0000 - 0x00007ffbeaa31000 	C:\Windows\SYSTEM32\cfgmgr32.dll
0x00007ffba0250000 - 0x00007ffba05a8000 	C:\Windows\SYSTEM32\D3D12Core.dll
0x00007ffbcfc10000 - 0x00007ffbcfc37000 	C:\Windows\System32\DriverStore\FileRepository\iigd_dch.inf_amd64_80fa968b24ea7e4e\igd12umd64.dll
0x00007ffb47eb0000 - 0x00007ffb48eae000 	C:\Windows\System32\DriverStore\FileRepository\iigd_dch.inf_amd64_80fa968b24ea7e4e\igd12um64xel.dll
0x00007ffbeb7d0000 - 0x00007ffbeb948000 	C:\Windows\System32\CRYPT32.dll
0x00007ffbcf580000 - 0x00007ffbcf5a6000 	C:\Windows\System32\DriverStore\FileRepository\iigd_dch.inf_amd64_80fa968b24ea7e4e\igdext64.dll
0x00007ffba3320000 - 0x00007ffba3367000 	C:\Windows\SYSTEM32\ControlLib.dll
0x00007ffbe1610000 - 0x00007ffbe16a3000 	C:\Windows\System32\DriverStore\FileRepository\iigd_dch.inf_amd64_80fa968b24ea7e4e\IntelControlLib.dll
0x00007ffbe4290000 - 0x00007ffbe42ef000 	C:\Windows\SYSTEM32\directxdatabasehelper.dll
0x00007ffbe1020000 - 0x00007ffbe145d000 	C:\Windows\System32\DriverStore\FileRepository\iigd_dch.inf_amd64_80fa968b24ea7e4e\igdgmm64.dll
0x00007ffbdcf60000 - 0x00007ffbe0fd5000 	C:\Windows\System32\DriverStore\FileRepository\iigd_dch.inf_amd64_80fa968b24ea7e4e\igc64.dll
0x00007ffb9ffe0000 - 0x00007ffba00c5000 	C:\Windows\SYSTEM32\D3DSCache.dll
0x00007ffb9fcc0000 - 0x00007ffb9ffd2000 	C:\Windows\System32\DriverStore\FileRepository\iigd_dch.inf_amd64_80fa968b24ea7e4e\igd12dxva64.dll

dbghelp: loaded successfully - version: 4.0.5 - missing functions: none
symbol engine: initialized successfully - sym options: 0x614 - pdb path: .;C:\Program Files\Greenfoot\jdk\bin;C:\Windows\SYSTEM32;C:\Windows\WinSxS\amd64_microsoft.windows.common-controls_6595b64144ccf1df_6.0.26100.8521_none_3e08b75ce33403b3;C:\Program Files\Greenfoot\jdk\bin\server;C:\Users\aadan\.openjfx\cache\21.0.3+2\amd64;C:\Windows\System32\DriverStore\FileRepository\iigd_dch.inf_amd64_80fa968b24ea7e4e

VM Arguments:
jvm_args: -XX:MaxGCPauseMillis=50 -agentlib:jdwp=transport=dt_shmem,address=javadebug -Dfile.encoding=UTF-8 
java_command: bluej.runtime.ExecServer UTF-8
java_class_path (initial): C:\Program Files\Greenfoot\lib\greenfoot.jar;C:\Program Files\Greenfoot\lib\javafx-base-21.0.3-win.jar;C:\Program Files\Greenfoot\lib\javafx-controls-21.0.3-win.jar;C:\Program Files\Greenfoot\lib\javafx-fxml-21.0.3-win.jar;C:\Program Files\Greenfoot\lib\javafx-graphics-21.0.3-win.jar;C:\Program Files\Greenfoot\lib\javafx-media-21.0.3-win.jar;C:\Program Files\Greenfoot\lib\javafx-swing-21.0.3-win.jar;C:\Program Files\Greenfoot\lib\javafx-web-21.0.3-win.jar;C:\Program Files\Greenfoot\lib\junit-4.12.jar;C:\Program Files\Greenfoot\lib\junit-jupiter-5.5.2.jar;C:\Program Files\Greenfoot\lib\junit-jupiter-api-5.5.2.jar;C:\Program Files\Greenfoot\lib\junit-jupiter-engine-5.5.2.jar;C:\Program Files\Greenfoot\lib\junit-jupiter-params-5.5.2.jar;C:\Program Files\Greenfoot\lib\junit-platform-commons-1.5.2.jar;C:\Program Files\Greenfoot\lib\junit-platform-engine-1.5.2.jar;C:\Program Files\Greenfoot\lib\junit-platform-launcher-1.5.2.jar;C:\Program Files\Greenfoot\lib\junit-platform-suite-api-1.5.2.jar;C:\Program Files\Greenfoot\lib\junit-vintage-engine-5.5.2.jar;C:\Program Files\Greenfoot\lib\hamcrest-core-1.3.jar;C:\Program Files\Greenfoot\lib\opentest4j-1.2.0.jar;C:\Program Files\Greenfoot\lib\bluej.jar;C:\Program Files\Greenfoot\lib\classgraph-4.8.90.jar;C:\Program Files\Greenfoot\lib\diffutils-1.2.1.jar;C:\Program Files\Greenfoot\lib\commons-logging-1.2.jar;C:\Program Files\Greenfoot\lib\jl1.0.1.jar;C:\Program Files\Greenfoot\lib\opencsv-2.3.jar;C:\Program Files\Greenfoot\lib\opencsv-2.4.jar;C:\Program Files\Greenfoot\lib\xom-1.3.9.jar;C:\Program Files\Greenfoot\lib\lang-stride.jar;C:\Program Files\Greenfoot\lib\nsmenufx-3.1.0.jar;C:\Program Files\Greenfoot\lib\wellbehavedfx-0.3.3.jar;C:\Program Files\Greenfoot\lib\guava-33.3.1-jre.jar;C:\Program Files\Greenfoot\lib\failureaccess-1.0.2.jar;C:\Program Files\Greenfoot\lib\simple-png-0.2.0.jar;C:\Program Files\Greenfoot\lib\simple-png-javafx-0.2.0.jar;C:\Program Files\Greenfoot\lib\httpclient-4.5.13.jar;C:\Program Files\Greenfoot\lib\httpcore-4.4.13.jar;C:\Program Files\Greenfoot\lib\httpmime-4.1.1.jar;C:\Program Files\Greenfoot\lib\javafx\javafx.base.jar;C:\Program Files\Greenfoot\lib\javafx\javafx.controls.jar;C:\Program Files\Greenfoot\lib\javafx\javafx.fxml.jar;C:\Program Files\Greenfoot\lib\javafx\javafx.graphics.jar;C:\Program Files\Greenfoot\lib\javafx\javafx.media.jar;C:\Program Files\Greenfoot\lib\javafx\javafx.properties.jar;C:\Program Files\Greenfoot\lib\javafx\javafx.swing.jar;C:\Program Files\Greenfoot\lib\javafx\javafx.web.jar
Launcher Type: SUN_STANDARD

[Global flags]
     intx CICompilerCount                          = 4                                         {product} {ergonomic}
     uint ConcGCThreads                            = 3                                         {product} {ergonomic}
     uint G1ConcRefinementThreads                  = 10                                        {product} {ergonomic}
   size_t G1HeapRegionSize                         = 2097152                                   {product} {ergonomic}
    uintx GCDrainStackTargetSize                   = 64                                        {product} {ergonomic}
   size_t InitialHeapSize                          = 264241152                                 {product} {ergonomic}
   size_t MarkStackSize                            = 4194304                                   {product} {ergonomic}
    uintx MaxGCPauseMillis                         = 50                                        {product} {command line}
   size_t MaxHeapSize                              = 4213178368                                {product} {ergonomic}
   size_t MaxNewSize                               = 2527068160                                {product} {ergonomic}
   size_t MinHeapDeltaBytes                        = 2097152                                   {product} {ergonomic}
   size_t MinHeapSize                              = 8388608                                   {product} {ergonomic}
    uintx NonNMethodCodeHeapSize                   = 5839372                                {pd product} {ergonomic}
    uintx NonProfiledCodeHeapSize                  = 122909434                              {pd product} {ergonomic}
    uintx ProfiledCodeHeapSize                     = 122909434                              {pd product} {ergonomic}
    uintx ReservedCodeCacheSize                    = 251658240                              {pd product} {ergonomic}
     bool SegmentedCodeCache                       = true                                      {product} {ergonomic}
   size_t SoftMaxHeapSize                          = 4213178368                             {manageable} {ergonomic}
     bool UseCompressedOops                        = true                           {product lp64_product} {ergonomic}
     bool UseG1GC                                  = true                                      {product} {ergonomic}
     bool UseLargePagesIndividualAllocation        = false                                  {pd product} {ergonomic}

Logging:
Log output configuration:
 #0: stdout all=warning uptime,level,tags foldmultilines=false
 #1: stderr all=off uptime,level,tags foldmultilines=false

Environment Variables:
PATH=C:\Program Files (x86)\Common Files\Oracle\Java\java8path;C:\Program Files (x86)\Common Files\Oracle\Java\javapath;C:\Windows\system32;C:\Windows;C:\Windows\System32\Wbem;C:\Windows\System32\WindowsPowerShell\v1.0\;C:\Windows\System32\OpenSSH\;C:\Program Files\Git\cmd;C:\Program Files\nodejs\;C:\Program Files\dotnet\;C:\Program Files\Docker\Docker\resources\bin;C:\Users\aadan\AppData\Local\Programs\Python\Launcher\;C:\Program Files (x86)\Common Files\Oracle\Java\java8path;C:\Program Files (x86)\Common Files\Oracle\Java\javapath;C:\Windows\system32;C:\Windows;C:\Windows\System32\Wbem;C:\Windows\System32\WindowsPowerShell\v1.0\;C:\Windows\System32\OpenSSH\;C:\Program Files\Git\cmd;C:\Program Files\nodejs\;C:\Program Files\Docker\Docker\resources\bin;C:\Program Files\dotnet\;C:\Users\aadan\AppData\Local\Microsoft\WindowsApps;C:\Users\aadan\AppData\Local\Programs\Microsoft VS Code\bin;C:\Users\aadan\AppData\Local\GitHubDesktop\bin;C:\ProgramData\aadan\GitHubDesktop\bin;C:\Users\aadan\AppData\Roaming\npm;C:\Users\aadan\AppData\Local\JetBrains\Toolbox\scripts;C:\Users\aadan\AppData\Local\Programs\Antigravity\bin;C:\Users\aadan\AppData\Local\Programs\oh-my-posh\bin;C:\Users\aadan\AppData\Local\Programs\oh-my-posh\bin
USERNAME=aadan
OS=Windows_NT
PROCESSOR_IDENTIFIER=Intel64 Family 6 Model 186 Stepping 3, GenuineIntel
TMP=C:\Users\aadan\AppData\Local\Temp
TEMP=C:\Users\aadan\AppData\Local\Temp




Periodic native trim disabled

---------------  S Y S T E M  ---------------

OS:
 Windows 11 , 64 bit Build 26100 (10.0.26100.8521)
OS uptime: 0 days 0:06 hours
Hyper-V role detected

CPU: total 12 (initial active 12) (6 cores per cpu, 2 threads per core) family 6 model 186 stepping 3 microcode 0x411f, cx8, cmov, fxsr, ht, mmx, 3dnowpref, sse, sse2, sse3, ssse3, sse4.1, sse4.2, popcnt, lzcnt, tsc, tscinvbit, avx, avx2, aes, erms, clmul, bmi1, bmi2, adx, sha, fma, vzeroupper, clflush, clflushopt, clwb, hv, serialize, rdtscp, rdpid, fsrm, f16c, cet_ibt, cet_ss
Processor Information for processor 0
  Max Mhz: 1700, Current Mhz: 1700, Mhz Limit: 1700
Processor Information for processor 1
  Max Mhz: 1700, Current Mhz: 1700, Mhz Limit: 1700
Processor Information for processor 2
  Max Mhz: 1700, Current Mhz: 1457, Mhz Limit: 1700
Processor Information for processor 3
  Max Mhz: 1700, Current Mhz: 1700, Mhz Limit: 1700
Processor Information for processor 4
  Max Mhz: 1700, Current Mhz: 1200, Mhz Limit: 1190
Processor Information for processor 5
  Max Mhz: 1700, Current Mhz: 1200, Mhz Limit: 1190
Processor Information for processor 6
  Max Mhz: 1700, Current Mhz: 1200, Mhz Limit: 1190
Processor Information for processor 7
  Max Mhz: 1700, Current Mhz: 1200, Mhz Limit: 1190
Processor Information for processor 8
  Max Mhz: 1700, Current Mhz: 1200, Mhz Limit: 1190
Processor Information for processor 9
  Max Mhz: 1700, Current Mhz: 1200, Mhz Limit: 1190
Processor Information for processor 10
  Max Mhz: 1700, Current Mhz: 1200, Mhz Limit: 1190
Processor Information for processor 11
  Max Mhz: 1700, Current Mhz: 1200, Mhz Limit: 1190

Memory: 4k page, system-wide physical 16067M (5933M free)
TotalPageFile size 37571M (AvailPageFile size 26871M)
current process WorkingSet (physical memory assigned to process): 166M, peak: 185M
current process commit charge ("private bytes"): 258M, peak: 495M

vm_info: OpenJDK 64-Bit Server VM (21.0.4+7-LTS) for windows-amd64 JRE (21.0.4+7-LTS), built on 2024-07-16T00:00:00Z by "admin" with MS VC++ 17.7 (VS2022)

END.
