#
# A fatal error has been detected by the Java Runtime Environment:
#
#  EXCEPTION_ACCESS_VIOLATION (0xc0000005) at pc=0x00007ffbcfa7b5c6, pid=13824, tid=20892
#
# JRE version: OpenJDK Runtime Environment Temurin-21.0.4+7 (21.0.4+7) (build 21.0.4+7-LTS)
# Java VM: OpenJDK 64-Bit Server VM Temurin-21.0.4+7 (21.0.4+7-LTS, mixed mode, sharing, tiered, compressed oops, compressed class ptrs, g1 gc, windows-amd64)
# Problematic frame:
# C  [awt.dll+0xdb5c6]
#
# No core dump will be written. Minidumps are not enabled by default on client versions of Windows
#
# If you would like to submit a bug report, please visit:
#   https://github.com/adoptium/adoptium-support/issues
# The crash happened outside the Java Virtual Machine in native code.
# See problematic frame for where to report the bug.
#

---------------  S U M M A R Y ------------

Command Line: -XX:MaxGCPauseMillis=50 -agentlib:jdwp=transport=dt_shmem,address=javadebug -Dfile.encoding=UTF-8 bluej.runtime.ExecServer UTF-8

Host: 13th Gen Intel(R) Core(TM) i7-1355U, 12 cores, 15G,  Windows 11 , 64 bit Build 26100 (10.0.26100.8521)
Time: Fri Jun 12 09:55:02 2026 W. Europe Daylight Time elapsed time: 3.785010 seconds (0d 0h 0m 3s)

---------------  T H R E A D  ---------------

Current thread (0x00000292ec746100):  JavaThread "AWT-EventQueue-0"        [_thread_in_native, id=20892, stack(0x000000ca6e300000,0x000000ca6e400000) (1024K)]

Stack: [0x000000ca6e300000,0x000000ca6e400000],  sp=0x000000ca6e3feae0,  free space=1018k
Native frames: (J=compiled Java code, j=interpreted, Vv=VM code, C=native code)
C  [awt.dll+0xdb5c6]

Java frames: (J=compiled Java code, j=interpreted, Vv=VM code)
j  sun.awt.Win32GraphicsDevice.initNativeScale(I)V+0 java.desktop@21.0.4
j  sun.awt.Win32GraphicsDevice.initScaleFactors()V+60 java.desktop@21.0.4
j  sun.awt.Win32GraphicsDevice.displayChanged()V+16 java.desktop@21.0.4
j  sun.awt.Win32GraphicsEnvironment.displayChanged()V+271 java.desktop@21.0.4
j  sun.awt.windows.WToolkit.lambda$displayChanged$4()V+15 java.desktop@21.0.4
j  sun.awt.windows.WToolkit$$Lambda+0x00000292a80ad940.run()V+0 java.desktop@21.0.4
j  java.awt.event.InvocationEvent.dispatch()V+47 java.desktop@21.0.4
j  java.awt.EventQueue.dispatchEventImpl(Ljava/awt/AWTEvent;Ljava/lang/Object;)V+21 java.desktop@21.0.4
j  java.awt.EventQueue$4.run()Ljava/lang/Void;+32 java.desktop@21.0.4
j  java.awt.EventQueue$4.run()Ljava/lang/Object;+1 java.desktop@21.0.4
J 1048 c1 java.security.AccessController.executePrivileged(Ljava/security/PrivilegedAction;Ljava/security/AccessControlContext;Ljava/lang/Class;)Ljava/lang/Object; java.base@21.0.4 (65 bytes) @ 0x000002928f4583d4 [0x000002928f458260+0x0000000000000174]
j  java.security.AccessController.doPrivileged(Ljava/security/PrivilegedAction;Ljava/security/AccessControlContext;)Ljava/lang/Object;+13 java.base@21.0.4
j  java.security.ProtectionDomain$JavaSecurityAccessImpl.doIntersectionPrivilege(Ljava/security/PrivilegedAction;Ljava/security/AccessControlContext;Ljava/security/AccessControlContext;)Ljava/lang/Object;+18 java.base@21.0.4
j  java.awt.EventQueue.dispatchEvent(Ljava/awt/AWTEvent;)V+46 java.desktop@21.0.4
j  java.awt.EventDispatchThread.pumpOneEventForFilters(I)V+81 java.desktop@21.0.4
j  java.awt.EventDispatchThread.pumpEventsForFilter(ILjava/awt/Conditional;Ljava/awt/EventFilter;)V+35 java.desktop@21.0.4
j  java.awt.EventDispatchThread.pumpEventsForHierarchy(ILjava/awt/Conditional;Ljava/awt/Component;)V+11 java.desktop@21.0.4
j  java.awt.EventDispatchThread.pumpEvents(ILjava/awt/Conditional;)V+4 java.desktop@21.0.4
j  java.awt.EventDispatchThread.pumpEvents(Ljava/awt/Conditional;)V+3 java.desktop@21.0.4
j  java.awt.EventDispatchThread.run()V+9 java.desktop@21.0.4
v  ~StubRoutines::call_stub 0x00000292967c100d

siginfo: EXCEPTION_ACCESS_VIOLATION (0xc0000005), reading address 0xffffffffffffffff


Registers:
RAX=0x1f07000000000000, RBX=0x00000292ec7a5810, RCX=0x1f07000000000000, RDX=0x0000000000000000
RSP=0x000000ca6e3feae0, RBP=0x000000ca6e3febc0, RSI=0x0000000000000120, RDI=0x0000000000000000
R8 =0x0000000000000001, R9 =0x000000ca6b2c5000, R10=0x00000292967d0787, R11=0x0000000000000100
R12=0x0000000000000000, R13=0x00000292e83bfdf8, R14=0x000000ca6e3febe8, R15=0x00000292ec746100
RIP=0x00007ffbcfa7b5c6, EFLAGS=0x0000000000010202


Register to memory mapping:

RAX=0x1f07000000000000 is an unknown value
RBX=0x00000292ec7a5810 points into unknown readable memory: 0x00000292a6b66400 | 00 64 b6 a6 92 02 00 00
RCX=0x1f07000000000000 is an unknown value
RDX=0x0 is null
RSP=0x000000ca6e3feae0 is pointing into the stack for thread: 0x00000292ec746100
RBP=0x000000ca6e3febc0 is pointing into the stack for thread: 0x00000292ec746100
RSI=0x0000000000000120 is an unknown value
RDI=0x0 is null
R8 =0x0000000000000001 is an unknown value
R9 =0x000000ca6b2c5000 points into unknown readable memory: 0x0000000000000000 | 00 00 00 00 00 00 00 00
R10=0x00000292967d0787 is at code_begin+1927 in an Interpreter codelet
native method entry point (kind = native)  [0x00000292967d0000, 0x00000292967d1238]  4664 bytes
R11=0x0000000000000100 is an unknown value
R12=0x0 is null
R13={method} {0x00000292e83bfe00} 'initNativeScale' '(I)V' in 'sun/awt/Win32GraphicsDevice'
R14=0x000000ca6e3febe8 is pointing into the stack for thread: 0x00000292ec746100
R15=0x00000292ec746100 is a thread

Top of Stack: (sp=0x000000ca6e3feae0)
0x000000ca6e3feae0:   00000292ec7a5810 00000292a608c200
0x000000ca6e3feaf0:   00000292e87b6f78 00000292ec7a5810
0x000000ca6e3feb00:   00000292ec7a5810 00007ffbcfa7ce02
0x000000ca6e3feb10:   00007ffbcfada848 00000292e83bfdf8
0x000000ca6e3feb20:   00000292a608a090 000000000000000d
0x000000ca6e3feb30:   00000292967c96b9 00000292967d07b6
0x000000ca6e3feb40:   00000292e83bfdf8 00000292ec746100
0x000000ca6e3feb50:   00000292ec746100 00000292967c96b9
0x000000ca6e3feb60:   0000000000000120 00007ffb67a40379
0x000000ca6e3feb70:   000000ca6e3fecb0 000000ca6e3feb78
0x000000ca6e3feb80:   0000000000000000 0000000000000005
0x000000ca6e3feb90:   00000292e83c2e30 0000000000000000
0x000000ca6e3feba0:   0000000704f46108 00000292e83bfdf8
0x000000ca6e3febb0:   0000000000000000 000000ca6e3febe0
0x000000ca6e3febc0:   000000ca6e3fec38 00000292967c91b4
0x000000ca6e3febd0:   0000000000000000 00000292967cc6f7
0x000000ca6e3febe0:   0000000000000000 0000000704f4ea30
0x000000ca6e3febf0:   000000ca6e3febf0 00000292e83c044c
0x000000ca6e3fec00:   0000000000000002 00000292e83c2e30
0x000000ca6e3fec10:   0000000000000000 0000000704f46108
0x000000ca6e3fec20:   00000292e83c0498 000000ca6e3febe0
0x000000ca6e3fec30:   000000ca6e3fec48 000000ca6e3fec98
0x000000ca6e3fec40:   00000292967c91b4 0000000704f4ea30
0x000000ca6e3fec50:   000000ca6e3fec50 00000292e83c1d10
0x000000ca6e3fec60:   0000000000000003 00000292e83c2e30
0x000000ca6e3fec70:   0000000000000000 0000000704f46108
0x000000ca6e3fec80:   00000292e83c1d58 000000ca6e3fec48
0x000000ca6e3fec90:   000000ca6e3fecb0 000000ca6e3fed00
0x000000ca6e3feca0:   00000292967c91b4 0000000000000000
0x000000ca6e3fecb0:   0000000704f4ea30 000000ca6e3fecb8
0x000000ca6e3fecc0:   00000292e83b0dbf 0000000000000008
0x000000ca6e3fecd0:   00000292e83b4c90 0000000000000000 

Instructions: (pc=0x00007ffbcfa7b5c6)
0x00007ffbcfa7b4c6:   00 68 00 00 00 0f 11 44 24 34 0f 11 44 24 44 0f
0x00007ffbcfa7b4d6:   11 44 24 54 0f 11 44 24 64 0f 11 44 24 74 0f 11
0x00007ffbcfa7b4e6:   84 24 84 00 00 00 89 84 24 94 00 00 00 c7 44 24
0x00007ffbcfa7b4f6:   30 68 00 00 00 48 8d 94 24 a0 00 00 00 48 8b cd
0x00007ffbcfa7b506:   ff 15 bc 88 06 00 85 c0 74 40 48 8d 54 24 30 48
0x00007ffbcfa7b516:   8b ce ff 15 aa 88 06 00 85 c0 74 2e 48 8d 54 24
0x00007ffbcfa7b526:   34 48 8d 8c 24 a4 00 00 00 ff 15 db 83 06 00 85
0x00007ffbcfa7b536:   c0 74 17 48 8d 54 24 44 48 8d 8c 24 b4 00 00 00
0x00007ffbcfa7b546:   ff 15 c4 83 06 00 85 c0 75 11 ff c7 3b 7b 0c 0f
0x00007ffbcfa7b556:   8c 15 ff ff ff 8b 3d 3f be 06 00 48 8b cb e8 a7
0x00007ffbcfa7b566:   c9 f4 ff 90 8b c7 48 8b 8c 24 10 01 00 00 48 33
0x00007ffbcfa7b576:   cc e8 54 02 01 00 4c 8d 9c 24 20 01 00 00 49 8b
0x00007ffbcfa7b586:   5b 18 49 8b 6b 20 49 8b 73 28 49 8b e3 5f c3 cc
0x00007ffbcfa7b596:   cc cc cc cc cc cc cc cc cc cc 48 8b 41 08 48 8b
0x00007ffbcfa7b5a6:   80 18 0c 00 00 c3 cc cc cc cc 48 8b 41 08 48 05
0x00007ffbcfa7b5b6:   00 04 00 00 c3 cc cc cc cc cc 40 53 48 83 ec 20
0x00007ffbcfa7b5c6:   83 79 50 00 48 8b d9 75 56 48 8b 49 28 4c 8d 44
0x00007ffbcfa7b5d6:   24 38 48 8d 54 24 30 c7 44 24 30 00 00 80 bf c7
0x00007ffbcfa7b5e6:   44 24 38 00 00 80 bf e8 be e1 00 00 f3 0f 10 54
0x00007ffbcfa7b5f6:   24 30 0f 57 c0 0f 2f d0 76 25 f3 0f 10 4c 24 38
0x00007ffbcfa7b606:   0f 2f c8 76 1a f3 0f 5e 15 f9 a6 02 00 f3 0f 5e
0x00007ffbcfa7b616:   0d f1 a6 02 00 f3 0f 11 53 48 f3 0f 11 4b 4c 48
0x00007ffbcfa7b626:   83 c4 20 5b c3 cc cc cc cc cc 48 89 5c 24 10 48
0x00007ffbcfa7b636:   89 74 24 18 48 89 7c 24 20 41 56 48 83 ec 40 48
0x00007ffbcfa7b646:   8b d9 48 83 79 18 00 75 14 b9 28 04 00 00 e8 97
0x00007ffbcfa7b656:   97 00 00 48 89 43 18 c7 00 28 00 00 00 48 8b 43
0x00007ffbcfa7b666:   18 33 ff 66 89 78 0e 48 8b 4b 28 e8 5a 03 00 00
0x00007ffbcfa7b676:   48 8b f0 ba 01 00 00 00 44 8b c2 48 8b c8 ff 15
0x00007ffbcfa7b686:   a6 7f 06 00 4c 8b f0 89 7c 24 30 48 8b 4b 18 48
0x00007ffbcfa7b696:   89 4c 24 28 48 89 7c 24 20 44 8d 4f 01 45 33 c0
0x00007ffbcfa7b6a6:   48 8b d0 48 8b ce ff 15 5e 80 06 00 48 8b 53 30
0x00007ffbcfa7b6b6:   48 8b 0b 83 79 04 08 0f 8e 01 02 00 00 f6 42 24 


Stack slot to memory mapping:

stack at sp + 0 slots: 0x00000292ec7a5810 points into unknown readable memory: 0x00000292a6b66400 | 00 64 b6 a6 92 02 00 00
stack at sp + 1 slots: 0x00000292a608c200 points into unknown readable memory: 0x0000000000000000 | 00 00 00 00 00 00 00 00
stack at sp + 2 slots: 0x00000292e87b6f78 is pointing into metadata
stack at sp + 3 slots: 0x00000292ec7a5810 points into unknown readable memory: 0x00000292a6b66400 | 00 64 b6 a6 92 02 00 00
stack at sp + 4 slots: 0x00000292ec7a5810 points into unknown readable memory: 0x00000292a6b66400 | 00 64 b6 a6 92 02 00 00
stack at sp + 5 slots: 0x00007ffbcfa7ce02 awt.dll
stack at sp + 6 slots: 0x00007ffbcfada848 awt.dll
stack at sp + 7 slots: {method} {0x00000292e83bfe00} 'initNativeScale' '(I)V' in 'sun/awt/Win32GraphicsDevice'


Compiled method (c1)    3934 1048       3       java.security.AccessController::executePrivileged (65 bytes)
 total in heap  [0x000002928f458090,0x000002928f458690] = 1536
 relocation     [0x000002928f4581e8,0x000002928f458250] = 104
 main code      [0x000002928f458260,0x000002928f458528] = 712
 stub code      [0x000002928f458528,0x000002928f458580] = 88
 metadata       [0x000002928f458580,0x000002928f458590] = 16
 scopes data    [0x000002928f458590,0x000002928f4585f8] = 104
 scopes pcs     [0x000002928f4585f8,0x000002928f458678] = 128
 dependencies   [0x000002928f458678,0x000002928f458680] = 8
 nul chk table  [0x000002928f458680,0x000002928f458690] = 16

[Constant Pool (empty)]

[MachCode]
[Verified Entry Point]
  # {method} {0x00000292a747a4c0} 'executePrivileged' '(Ljava/security/PrivilegedAction;Ljava/security/AccessControlContext;Ljava/lang/Class;)Ljava/lang/Object;' in 'java/security/AccessController'
  # parm0:    rdx:rdx   = 'java/security/PrivilegedAction'
  # parm1:    r8:r8     = 'java/security/AccessControlContext'
  # parm2:    r9:r9     = 'java/lang/Class'
  #           [sp+0x50]  (sp of caller)
  0x000002928f458260: 8984 2400 | 80ff ff55 | 4883 ec40 | 4181 7f20 | 0100 0000 

  0x000002928f458274: ;   {runtime_call StubRoutines (final stubs)}
  0x000002928f458274: 7405 e8e5 | ca39 0748 | 8954 2420 

  0x000002928f458280: ;   {metadata(method data for {method} {0x00000292a747a4c0} 'executePrivileged' '(Ljava/security/PrivilegedAction;Ljava/security/AccessControlContext;Ljava/lang/Class;)Ljava/lang/Object;' in 'java/security/AccessController')}
  0x000002928f458280: 48be 7087 | 0be8 9202 | 0000 8bbe | cc00 0000 | 83c7 0289 | becc 0000 | 0081 e7fe | 0700 0085 
  0x000002928f4582a0: ff0f 84d9 | 0100 004d 

  0x000002928f4582a8: ;   {metadata(method data for {method} {0x00000292a747a4c0} 'executePrivileged' '(Ljava/security/PrivilegedAction;Ljava/security/AccessControlContext;Ljava/lang/Class;)Ljava/lang/Object;' in 'java/security/AccessController')}
  0x000002928f4582a8: 85c0 48be | 7087 0be8 | 9202 0000 | 48bf 2001 | 0000 0000 | 0000 750a | 48bf 1001 | 0000 0000 
  0x000002928f4582c8: 0000 488b | 1c3e 488d | 5b01 4889 | 1c3e 4c89 | 4c24 280f | 850a 0000 | 004c 8944 | 2430 e929 
  0x000002928f4582e8: ;   {metadata(method data for {method} {0x00000292a747a4c0} 'executePrivileged' '(Ljava/security/PrivilegedAction;Ljava/security/AccessControlContext;Ljava/lang/Class;)Ljava/lang/Object;' in 'java/security/AccessController')}
  0x000002928f4582e8: 0000 0048 | be70 870b | e892 0200 | 0048 8386 | 3001 0000 | 0149 8bd0 | 4c89 4424 

  0x000002928f458304: ;   {static_call}
  0x000002928f458304: 3066 90e8 

  0x000002928f458308: ; ImmutableOopMap {[32]=Oop [40]=Oop [48]=Oop }
                      ;*invokestatic ensureMaterializedForStackWalk {reexecute=0 rethrow=0 return_oop=0}
                      ; - java.security.AccessController::executePrivileged@5 (line 774)
  0x000002928f458308: 3002 0000 

  0x000002928f45830c: ;   {other}
  0x000002928f45830c: 0f1f 8400 | 7c02 0000 

  0x000002928f458314: ;   {metadata(method data for {method} {0x00000292a747a4c0} 'executePrivileged' '(Ljava/security/PrivilegedAction;Ljava/security/AccessControlContext;Ljava/lang/Class;)Ljava/lang/Object;' in 'java/security/AccessController')}
  0x000002928f458314: 48ba 7087 | 0be8 9202 | 0000 ff82 | 4001 0000 | 488b 5424 | 2048 3b02 

  0x000002928f45832c: ;   {metadata(method data for {method} {0x00000292a747a4c0} 'executePrivileged' '(Ljava/security/PrivilegedAction;Ljava/security/AccessControlContext;Ljava/lang/Class;)Ljava/lang/Object;' in 'java/security/AccessController')}
  0x000002928f45832c: 488b f248 | bf70 870b | e892 0200 | 008b 7608 | 49ba 0000 | 00a7 9202 | 0000 4903 | f248 3bb7 
  0x000002928f45834c: b001 0000 | 750d 4883 | 87b8 0100 | 0001 e960 | 0000 0048 | 3bb7 c001 | 0000 750d | 4883 87c8 
  0x000002928f45836c: 0100 0001 | e94a 0000 | 0048 83bf | b001 0000 | 0075 1748 | 89b7 b001 | 0000 48c7 | 87b8 0100 
  0x000002928f45838c: 0001 0000 | 00e9 2900 | 0000 4883 | bfc0 0100 | 0000 7517 | 4889 b7c0 | 0100 0048 | c787 c801 
  0x000002928f4583ac: 0000 0100 | 0000 e908 | 0000 0048 | 8387 a001 | 0000 0148 | 8bf2 488b | d648 b8a0 | 8246 ec92 
  0x000002928f4583cc: ;   {virtual_call}
  0x000002928f4583cc: 0200 00e8 

  0x000002928f4583d0: ; ImmutableOopMap {[32]=Oop [40]=Oop [48]=Oop }
                      ;*invokeinterface run {reexecute=0 rethrow=0 return_oop=0}
                      ; - java.security.AccessController::executePrivileged@29 (line 778)
  0x000002928f4583d0: fc42 4907 

  0x000002928f4583d4: ;   {other}
  0x000002928f4583d4: 0f1f 8400 | 4403 0001 

  0x000002928f4583dc: ;   {metadata(method data for {method} {0x00000292a747a4c0} 'executePrivileged' '(Ljava/security/PrivilegedAction;Ljava/security/AccessControlContext;Ljava/lang/Class;)Ljava/lang/Object;' in 'java/security/AccessController')}
  0x000002928f4583dc: 48be 7087 | 0be8 9202 | 0000 ff86 | d801 0000 | 4c8b 4c24 | 284c 8b44 | 2430 488b 

  0x000002928f4583f8: ;   {metadata(method data for {method} {0x00000292a747a4c0} 'executePrivileged' '(Ljava/security/PrivilegedAction;Ljava/security/AccessControlContext;Ljava/lang/Class;)Ljava/lang/Object;' in 'java/security/AccessController')}
  0x000002928f4583f8: 5424 2048 | be70 870b | e892 0200 | 0048 8386 | 3802 0000 

  0x000002928f45840c: ;   {metadata(method data for {method} {0x00000292a703d490} 'reachabilityFence' '(Ljava/lang/Object;)V' in 'java/lang/ref/Reference')}
  0x000002928f45840c: 0148 bea8 | 3203 e892 | 0200 008b | becc 0000 | 0083 c702 | 89be cc00 | 0000 81e7 | feff 1f00 
  0x000002928f45842c: 85ff 0f84 | 7200 0000 

  0x000002928f458434: ;   {metadata(method data for {method} {0x00000292a747a4c0} 'executePrivileged' '(Ljava/security/PrivilegedAction;Ljava/security/AccessControlContext;Ljava/lang/Class;)Ljava/lang/Object;' in 'java/security/AccessController')}
  0x000002928f458434: 48be 7087 | 0be8 9202 | 0000 4883 | 8648 0200 

  0x000002928f458444: ;   {metadata(method data for {method} {0x00000292a703d490} 'reachabilityFence' '(Ljava/lang/Object;)V' in 'java/lang/ref/Reference')}
  0x000002928f458444: 0001 48be | a832 03e8 | 9202 0000 | 8bbe cc00 | 0000 83c7 | 0289 becc | 0000 0081 | e7fe ff1f 
  0x000002928f458464: 0085 ff0f | 845a 0000 | 0048 83c4 

  0x000002928f458470: ;   {poll_return}
  0x000002928f458470: 405d 493b | a750 0400 | 000f 8766 | 0000 00c3 

  0x000002928f458480: ;   {metadata({method} {0x00000292a747a4c0} 'executePrivileged' '(Ljava/security/PrivilegedAction;Ljava/security/AccessControlContext;Ljava/lang/Class;)Ljava/lang/Object;' in 'java/security/AccessController')}
  0x000002928f458480: 49ba b8a4 | 47a7 9202 | 0000 4c89 | 5424 0848 | c704 24ff 

  0x000002928f458494: ;   {runtime_call counter_overflow Runtime1 stub}
  0x000002928f458494: ffff ffe8 

  0x000002928f458498: ; ImmutableOopMap {rdx=Oop r8=Oop r9=Oop [32]=Oop }
                      ;*synchronization entry
                      ; - java.security.AccessController::executePrivileged@-1 (line 773)
  0x000002928f458498: 64fa 4807 | e906 feff 

  0x000002928f4584a0: ;   {runtime_call throw_null_pointer_exception Runtime1 stub}
  0x000002928f4584a0: ffe8 5a8e 

  0x000002928f4584a4: ; ImmutableOopMap {rdx=Oop [32]=Oop [40]=Oop [48]=Oop }
                      ;*invokeinterface run {reexecute=0 rethrow=0 return_oop=0}
                      ; - java.security.AccessController::executePrivileged@29 (line 778)
                      ;   {metadata({method} {0x00000292a703d490} 'reachabilityFence' '(Ljava/lang/Object;)V' in 'java/lang/ref/Reference')}
  0x000002928f4584a4: 4807 49ba | 88d4 03a7 | 9202 0000 | 4c89 5424 | 0848 c704 | 24ff ffff 

  0x000002928f4584bc: ;   {runtime_call counter_overflow Runtime1 stub}
  0x000002928f4584bc: ffe8 3efa 

  0x000002928f4584c0: ; ImmutableOopMap {rax=Oop r9=Oop rdx=Oop r8=Oop [32]=Oop }
                      ;*synchronization entry
                      ; - java.lang.ref.Reference::reachabilityFence@-1 (line 628)
                      ; - java.security.AccessController::executePrivileged@56 (line 783)
  0x000002928f4584c0: 4807 e96d 

  0x000002928f4584c4: ;   {metadata({method} {0x00000292a703d490} 'reachabilityFence' '(Ljava/lang/Object;)V' in 'java/lang/ref/Reference')}
  0x000002928f4584c4: ffff ff49 | ba88 d403 | a792 0200 | 004c 8954 | 2408 48c7 | 0424 ffff 

  0x000002928f4584dc: ;   {runtime_call counter_overflow Runtime1 stub}
  0x000002928f4584dc: ffff e81d 

  0x000002928f4584e0: ; ImmutableOopMap {rax=Oop r9=Oop rdx=Oop r8=Oop [32]=Oop }
                      ;*synchronization entry
                      ; - java.lang.ref.Reference::reachabilityFence@-1 (line 628)
                      ; - java.security.AccessController::executePrivileged@60 (line 784)
  0x000002928f4584e0: fa48 07eb 

  0x000002928f4584e4: ;   {internal_word}
  0x000002928f4584e4: 8849 ba72 | 8445 8f92 | 0200 004d | 8997 6804 

  0x000002928f4584f4: ;   {runtime_call SafepointBlob}
  0x000002928f4584f4: 0000 e905 | d23b 0749 | 8b87 0005 | 0000 49c7 | 8700 0500 | 0000 0000 | 0049 c787 | 0805 0000 
  0x000002928f458514: 0000 0000 | 4883 c440 

  0x000002928f45851c: ;   {runtime_call unwind_exception Runtime1 stub}
  0x000002928f45851c: 5de9 de79 | 4807 f4f4 | f4f4 f4f4 
[Stub Code]
  0x000002928f458528: ;   {no_reloc}
  0x000002928f458528: 0f1f 4400 

  0x000002928f45852c: ;   {static_stub}
  0x000002928f45852c: 0048 bb00 | 0000 0000 

  0x000002928f458534: ;   {runtime_call}
  0x000002928f458534: 0000 00e9 | fbff ffff 

  0x000002928f45853c: ;   {static_stub}
  0x000002928f45853c: 48bb e0a2 | 47a7 9202 

  0x000002928f458544: ;   {runtime_call I2C/C2I adapters}
  0x000002928f458544: 0000 e918 

  0x000002928f458548: ;   {runtime_call handle_exception_from_callee Runtime1 stub}
  0x000002928f458548: af3b 07e8 | 30b0 4807 

  0x000002928f458550: ;   {external_word}
  0x000002928f458550: 48b9 7020 | db67 fb7f | 0000 4883 

  0x000002928f45855c: ;   {runtime_call}
  0x000002928f45855c: e4f0 48b8 | 002a 9e67 | fb7f 0000 

  0x000002928f458568: ;   {section_word}
  0x000002928f458568: ffd0 f449 | ba6b 8545 | 8f92 0200 

  0x000002928f458574: ;   {runtime_call DeoptimizationBlob}
  0x000002928f458574: 0041 52e9 | 24c4 3b07 | f4f4 f4f4 
[/MachCode]


---------------  P R O C E S S  ---------------

Threads class SMR info:
_java_thread_list=0x00000292ec7ace80, length=26, elements={
0x00000292a61eda80, 0x00000292a61f2600, 0x00000292a61f71a0, 0x00000292a6202190,
0x00000292a6200010, 0x00000292a6208e40, 0x00000292a620e270, 0x00000292a6211cb0,
0x00000292a64e6540, 0x00000292a64f81e0, 0x00000292a64f8a70, 0x00000292a64fb2d0,
0x00000292a6504270, 0x00000292a682c7f0, 0x00000292a684ced0, 0x00000292a6860530,
0x00000292847812f0, 0x00000292a6a03670, 0x00000292ec701610, 0x00000292ec457160,
0x00000292ec7453e0, 0x00000292ec746790, 0x00000292ec7446c0, 0x00000292ec744030,
0x00000292ec746e20, 0x00000292ec746100
}

Java Threads: ( => current thread )
  0x00000292a61eda80 JavaThread "Reference Handler"          daemon [_thread_blocked, id=12172, stack(0x000000ca6c100000,0x000000ca6c200000) (1024K)]
  0x00000292a61f2600 JavaThread "Finalizer"                  daemon [_thread_blocked, id=15200, stack(0x000000ca6c200000,0x000000ca6c300000) (1024K)]
  0x00000292a61f71a0 JavaThread "Signal Dispatcher"          daemon [_thread_blocked, id=1968, stack(0x000000ca6c300000,0x000000ca6c400000) (1024K)]
  0x00000292a6202190 JavaThread "Attach Listener"            daemon [_thread_blocked, id=8756, stack(0x000000ca6c400000,0x000000ca6c500000) (1024K)]
  0x00000292a6200010 JavaThread "Service Thread"             daemon [_thread_blocked, id=2596, stack(0x000000ca6c500000,0x000000ca6c600000) (1024K)]
  0x00000292a6208e40 JavaThread "Monitor Deflation Thread"   daemon [_thread_blocked, id=10460, stack(0x000000ca6c600000,0x000000ca6c700000) (1024K)]
  0x00000292a620e270 JavaThread "C2 CompilerThread0"         daemon [_thread_blocked, id=7456, stack(0x000000ca6c700000,0x000000ca6c800000) (1024K)]
  0x00000292a6211cb0 JavaThread "C1 CompilerThread0"         daemon [_thread_blocked, id=4448, stack(0x000000ca6c800000,0x000000ca6c900000) (1024K)]
  0x00000292a64e6540 JavaThread "JDWP Transport Listener: dt_shmem" daemon [_thread_blocked, id=10392, stack(0x000000ca6c900000,0x000000ca6ca00000) (1024K)]
  0x00000292a64f81e0 JavaThread "JDWP Event Helper Thread"   daemon [_thread_blocked, id=11960, stack(0x000000ca6ca00000,0x000000ca6cb00000) (1024K)]
  0x00000292a64f8a70 JavaThread "JDWP Command Reader"        daemon [_thread_in_native, id=5752, stack(0x000000ca6cb00000,0x000000ca6cc00000) (1024K)]
  0x00000292a64fb2d0 JavaThread "Notification Thread"        daemon [_thread_blocked, id=6848, stack(0x000000ca6cc00000,0x000000ca6cd00000) (1024K)]
  0x00000292a6504270 JavaThread "Common-Cleaner"             daemon [_thread_blocked, id=1108, stack(0x000000ca6cd00000,0x000000ca6ce00000) (1024K)]
  0x00000292a682c7f0 JavaThread "Java2D Disposer"            daemon [_thread_blocked, id=9568, stack(0x000000ca6ce00000,0x000000ca6cf00000) (1024K)]
  0x00000292a684ced0 JavaThread "AWT-Windows"                daemon [_thread_in_native, id=6044, stack(0x000000ca6d000000,0x000000ca6d100000) (1024K)]
  0x00000292a6860530 JavaThread "BlueJ worker thread"               [_thread_blocked, id=20584, stack(0x000000ca6d200000,0x000000ca6d300000) (1024K)]
  0x00000292847812f0 JavaThread "DestroyJavaVM"                     [_thread_blocked, id=5292, stack(0x000000ca6b700000,0x000000ca6b800000) (1024K)]
  0x00000292a6a03670 JavaThread "main"                              [_thread_blocked, id=17800, stack(0x000000ca6d400000,0x000000ca6d500000) (1024K)]
  0x00000292ec701610 JavaThread "QuantumRenderer-0"          daemon [_thread_blocked, id=17072, stack(0x000000ca6cf00000,0x000000ca6d000000) (1024K)]
  0x00000292ec457160 JavaThread "AWT-Shutdown"                      [_thread_blocked, id=17872, stack(0x000000ca6de00000,0x000000ca6df00000) (1024K)]
  0x00000292ec7453e0 JavaThread "InvokeLaterDispatcher"      daemon [_thread_blocked, id=21420, stack(0x000000ca6df00000,0x000000ca6e000000) (1024K)]
  0x00000292ec746790 JavaThread "JavaFX Application Thread"         [_thread_in_native, id=11040, stack(0x000000ca6e000000,0x000000ca6e100000) (1024K)]
  0x00000292ec7446c0 JavaThread "Thread-2"                   daemon [_thread_in_native, id=11524, stack(0x000000ca6d100000,0x000000ca6d200000) (1024K)]
  0x00000292ec744030 JavaThread "VMCommsSimulation"                 [_thread_in_native, id=9572, stack(0x000000ca6e100000,0x000000ca6e200000) (1024K)]
  0x00000292ec746e20 JavaThread "SimulationThread"                  [_thread_blocked, id=17228, stack(0x000000ca6e200000,0x000000ca6e300000) (1024K)]
=>0x00000292ec746100 JavaThread "AWT-EventQueue-0"                  [_thread_in_native, id=20892, stack(0x000000ca6e300000,0x000000ca6e400000) (1024K)]
Total: 26

Other Threads:
  0x00000292a61cf860 VMThread "VM Thread"                           [id=5276, stack(0x000000ca6be00000,0x000000ca6bf00000) (1024K)]
  0x00000292a61b6100 WatcherThread "VM Periodic Task Thread"        [id=12032, stack(0x000000ca6bd00000,0x000000ca6be00000) (1024K)]
  0x0000029286c226a0 WorkerThread "GC Thread#0"                     [id=20180, stack(0x000000ca6b800000,0x000000ca6b900000) (1024K)]
  0x00000292ec3ecf20 WorkerThread "GC Thread#1"                     [id=6768, stack(0x000000ca6d500000,0x000000ca6d600000) (1024K)]
  0x00000292ec3ed2c0 WorkerThread "GC Thread#2"                     [id=13512, stack(0x000000ca6d600000,0x000000ca6d700000) (1024K)]
  0x00000292ec3ed660 WorkerThread "GC Thread#3"                     [id=16064, stack(0x000000ca6d700000,0x000000ca6d800000) (1024K)]
  0x00000292ec3eda00 WorkerThread "GC Thread#4"                     [id=7124, stack(0x000000ca6d800000,0x000000ca6d900000) (1024K)]
  0x00000292ec3ee9b0 WorkerThread "GC Thread#5"                     [id=8884, stack(0x000000ca6d900000,0x000000ca6da00000) (1024K)]
  0x00000292ec3ef160 WorkerThread "GC Thread#6"                     [id=13588, stack(0x000000ca6da00000,0x000000ca6db00000) (1024K)]
  0x00000292a6b36ac0 WorkerThread "GC Thread#7"                     [id=14424, stack(0x000000ca6db00000,0x000000ca6dc00000) (1024K)]
  0x00000292a6b37ce0 WorkerThread "GC Thread#8"                     [id=12952, stack(0x000000ca6dc00000,0x000000ca6dd00000) (1024K)]
  0x00000292a6b37200 WorkerThread "GC Thread#9"                     [id=6104, stack(0x000000ca6dd00000,0x000000ca6de00000) (1024K)]
  0x0000029286c339a0 ConcurrentGCThread "G1 Main Marker"            [id=21184, stack(0x000000ca6b900000,0x000000ca6ba00000) (1024K)]
  0x0000029286c344a0 WorkerThread "G1 Conc#0"                       [id=10684, stack(0x000000ca6ba00000,0x000000ca6bb00000) (1024K)]
  0x00000292a607f1d0 ConcurrentGCThread "G1 Refine#0"               [id=20392, stack(0x000000ca6bb00000,0x000000ca6bc00000) (1024K)]
  0x00000292a607fbe0 ConcurrentGCThread "G1 Service"                [id=17084, stack(0x000000ca6bc00000,0x000000ca6bd00000) (1024K)]
Total: 16

Threads with active compile tasks:
Total: 0

VM state: not at safepoint (normal execution)

VM Mutex/Monitor currently owned by a thread: None

Heap address: 0x0000000704e00000, size: 4018 MB, Compressed Oops mode: Zero based, Oop shift amount: 3

CDS archive(s) mapped at: [0x00000292a7000000-0x00000292a7c90000-0x00000292a7c90000), size 13172736, SharedBaseAddress: 0x00000292a7000000, ArchiveRelocationMode: 1.
Compressed class space mapped at: 0x00000292a8000000-0x00000292e8000000, reserved size: 1073741824
Narrow klass base: 0x00000292a7000000, Narrow klass shift: 0, Narrow klass range: 0x100000000

GC Precious Log:
 CardTable entry size: 512
 Card Set container configuration: InlinePtr #cards 4 size 8 Array Of Cards #cards 16 size 48 Howl #buckets 8 coarsen threshold 3686 Howl Bitmap #cards 512 size 80 coarsen threshold 460 Card regions per heap region 1 cards per card region 4096
 CPUs: 12 total, 12 available
 Memory: 16067M
 Large Page Support: Disabled
 NUMA Support: Disabled
 Compressed Oops: Enabled (Zero based)
 Heap Region Size: 2M
 Heap Min Capacity: 8M
 Heap Initial Capacity: 252M
 Heap Max Capacity: 4018M
 Pre-touch: Disabled
 Parallel Workers: 10
 Concurrent Workers: 3
 Concurrent Refinement Workers: 10
 Periodic GC: Disabled

Heap:
 garbage-first heap   total 49152K, used 4581K [0x0000000704e00000, 0x0000000800000000)
  region size 2048K, 1 young (2048K), 0 survivors (0K)
 Metaspace       used 8974K, committed 9216K, reserved 1114112K
  class space    used 893K, committed 1024K, reserved 1048576K

Heap Regions: E=young(eden), S=young(survivor), O=old, HS=humongous(starts), HC=humongous(continues), CS=collection set, F=free, TAMS=top-at-mark-start, PB=parsable bottom
|   0|0x0000000704e00000, 0x0000000704fffff0, 0x0000000705000000| 99%| O|  |TAMS 0x0000000704e00000| PB 0x0000000704e00000| Untracked 
|   1|0x0000000705000000, 0x0000000705000000, 0x0000000705200000|  0%| F|  |TAMS 0x0000000705000000| PB 0x0000000705000000| Untracked 
|   2|0x0000000705200000, 0x0000000705205420, 0x0000000705400000|  1%| O|  |TAMS 0x0000000705200000| PB 0x0000000705200000| Untracked 
|   3|0x0000000705400000, 0x0000000705435a98, 0x0000000705600000| 10%| O|  |TAMS 0x0000000705400000| PB 0x0000000705400000| Untracked 
|   4|0x0000000705600000, 0x0000000705613050, 0x0000000705800000|  3%| O|  |TAMS 0x0000000705600000| PB 0x0000000705600000| Untracked 
|   5|0x0000000705800000, 0x0000000705805c30, 0x0000000705a00000|  1%| O|  |TAMS 0x0000000705800000| PB 0x0000000705800000| Untracked 
|   6|0x0000000705a00000, 0x0000000705a911e0, 0x0000000705c00000| 28%| O|  |TAMS 0x0000000705a00000| PB 0x0000000705a00000| Untracked 
|   7|0x0000000705c00000, 0x0000000705d947b0, 0x0000000705e00000| 79%| O|  |TAMS 0x0000000705c00000| PB 0x0000000705c00000| Untracked 
|   8|0x0000000705e00000, 0x0000000705e00000, 0x0000000706000000|  0%| F|  |TAMS 0x0000000705e00000| PB 0x0000000705e00000| Untracked 
|   9|0x0000000706000000, 0x0000000706000000, 0x0000000706200000|  0%| F|  |TAMS 0x0000000706000000| PB 0x0000000706000000| Untracked 
|  10|0x0000000706200000, 0x0000000706200000, 0x0000000706400000|  0%| F|  |TAMS 0x0000000706200000| PB 0x0000000706200000| Untracked 
|  11|0x0000000706400000, 0x0000000706400000, 0x0000000706600000|  0%| F|  |TAMS 0x0000000706400000| PB 0x0000000706400000| Untracked 
|  12|0x0000000706600000, 0x0000000706600000, 0x0000000706800000|  0%| F|  |TAMS 0x0000000706600000| PB 0x0000000706600000| Untracked 
|  13|0x0000000706800000, 0x0000000706800000, 0x0000000706a00000|  0%| F|  |TAMS 0x0000000706800000| PB 0x0000000706800000| Untracked 
|  14|0x0000000706a00000, 0x0000000706a00000, 0x0000000706c00000|  0%| F|  |TAMS 0x0000000706a00000| PB 0x0000000706a00000| Untracked 
|  15|0x0000000706c00000, 0x0000000706c00000, 0x0000000706e00000|  0%| F|  |TAMS 0x0000000706c00000| PB 0x0000000706c00000| Untracked 
|  16|0x0000000706e00000, 0x0000000706e00000, 0x0000000707000000|  0%| F|  |TAMS 0x0000000706e00000| PB 0x0000000706e00000| Untracked 
|  17|0x0000000707000000, 0x0000000707000000, 0x0000000707200000|  0%| F|  |TAMS 0x0000000707000000| PB 0x0000000707000000| Untracked 
|  18|0x0000000707200000, 0x0000000707200000, 0x0000000707400000|  0%| F|  |TAMS 0x0000000707200000| PB 0x0000000707200000| Untracked 
|  19|0x0000000707400000, 0x0000000707400000, 0x0000000707600000|  0%| F|  |TAMS 0x0000000707400000| PB 0x0000000707400000| Untracked 
|  20|0x0000000707600000, 0x0000000707600000, 0x0000000707800000|  0%| F|  |TAMS 0x0000000707600000| PB 0x0000000707600000| Untracked 
|  21|0x0000000707800000, 0x0000000707800000, 0x0000000707a00000|  0%| F|  |TAMS 0x0000000707800000| PB 0x0000000707800000| Untracked 
|  22|0x0000000707a00000, 0x0000000707a00000, 0x0000000707c00000|  0%| F|  |TAMS 0x0000000707a00000| PB 0x0000000707a00000| Untracked 
|  23|0x0000000707c00000, 0x0000000707c32b40, 0x0000000707e00000|  9%| E|  |TAMS 0x0000000707c00000| PB 0x0000000707c00000| Complete 

Card table byte_map: [0x000002929eec0000,0x000002929f6a0000] _byte_map_base: 0x000002929b699000

Marking Bits: (CMBitMap*) 0x0000029286c235b0
 Bits: [0x000002929f6a0000, 0x00000292a3568000)

Polling page: 0x0000029284a40000

Metaspace:

Usage:
  Non-class:      7.89 MB used.
      Class:    893.82 KB used.
       Both:      8.76 MB used.

Virtual space:
  Non-class space:       64.00 MB reserved,       8.00 MB ( 12%) committed,  1 nodes.
      Class space:        1.00 GB reserved,       1.00 MB ( <1%) committed,  1 nodes.
             Both:        1.06 GB reserved,       9.00 MB ( <1%) committed. 

Chunk freelists:
   Non-Class:  7.75 MB
       Class:  15.02 MB
        Both:  22.77 MB

MaxMetaspaceSize: unlimited
CompressedClassSpaceSize: 1.00 GB
Initial GC threshold: 21.00 MB
Current GC threshold: 21.00 MB
CDS: on
 - commit_granule_bytes: 65536.
 - commit_granule_words: 8192.
 - virtual_space_node_default_size: 8388608.
 - enlarge_chunks_in_place: 1.
 - use_allocation_guard: 0.


Internal statistics:

num_allocs_failed_limit: 0.
num_arena_births: 206.
num_arena_deaths: 0.
num_vsnodes_births: 2.
num_vsnodes_deaths: 0.
num_space_committed: 144.
num_space_uncommitted: 0.
num_chunks_returned_to_freelist: 0.
num_chunks_taken_from_freelist: 349.
num_chunk_merges: 0.
num_chunk_splits: 224.
num_chunks_enlarged: 138.
num_inconsistent_stats: 0.

CodeHeap 'non-profiled nmethods': size=120000Kb used=432Kb max_used=432Kb free=119567Kb
 bounds [0x0000029296d60000, 0x0000029296fd0000, 0x000002929e290000]
CodeHeap 'profiled nmethods': size=120000Kb used=2269Kb max_used=2269Kb free=117730Kb
 bounds [0x000002928f290000, 0x000002928f500000, 0x00000292967c0000]
CodeHeap 'non-nmethods': size=5760Kb used=1612Kb max_used=1626Kb free=4147Kb
 bounds [0x00000292967c0000, 0x0000029296a30000, 0x0000029296d60000]
 total_blobs=1898 nmethods=1281 adapters=522
 compilation: enabled
              stopped_count=0, restarted_count=0
 full_count=0

Compilation events (20 events):
Event: 3.729 Thread 0x00000292a6211cb0 1262       3       java.lang.invoke.LambdaFormBuffer::changeName (149 bytes)
Event: 3.730 Thread 0x00000292a6211cb0 nmethod 1262 0x000002928f4c1a90 code [0x000002928f4c1c60, 0x000002928f4c21a8]
Event: 3.764 Thread 0x00000292a6211cb0 1265       3       jdk.internal.misc.Unsafe::checkPointer (19 bytes)
Event: 3.765 Thread 0x00000292a620e270 1267   !   4       jdk.internal.misc.ScopedMemoryAccess::getInt (16 bytes)
Event: 3.765 Thread 0x00000292a6211cb0 nmethod 1265 0x000002928f4c2390 code [0x000002928f4c2560, 0x000002928f4c2918]
Event: 3.765 Thread 0x00000292a6211cb0 1268   !   2       jdk.internal.misc.ScopedMemoryAccess::getIntInternal (34 bytes)
Event: 3.765 Thread 0x00000292a6211cb0 nmethod 1268 0x000002928f4c2a90 code [0x000002928f4c2c40, 0x000002928f4c2de8]
Event: 3.765 Thread 0x00000292a6211cb0 1266       3       jdk.internal.misc.Unsafe::checkPrimitivePointer (19 bytes)
Event: 3.766 Thread 0x00000292a6211cb0 nmethod 1266 0x000002928f4c2f10 code [0x000002928f4c3120, 0x000002928f4c3748]
Event: 3.766 Thread 0x00000292a6211cb0 1269       3       java.lang.StringLatin1::toBytes (46 bytes)
Event: 3.766 Thread 0x00000292a620e270 nmethod 1267 0x0000029296dcab10 code [0x0000029296dcaca0, 0x0000029296dcad98]
Event: 3.767 Thread 0x00000292a6211cb0 nmethod 1269 0x000002928f4c3a10 code [0x000002928f4c3be0, 0x000002928f4c3f88]
Event: 3.767 Thread 0x00000292a6211cb0 1270       3       jdk.internal.misc.Unsafe::checkSize (32 bytes)
Event: 3.767 Thread 0x00000292a6211cb0 nmethod 1270 0x000002928f4c4110 code [0x000002928f4c42c0, 0x000002928f4c4550]
Event: 3.767 Thread 0x00000292a6211cb0 1272       3       jdk.internal.jimage.BasicImageReader::getLocationIndex (52 bytes)
Event: 3.768 Thread 0x00000292a6211cb0 nmethod 1272 0x000002928f4c4690 code [0x000002928f4c4880, 0x000002928f4c4d40]
Event: 3.768 Thread 0x00000292a6211cb0 1273       3       jdk.internal.jimage.BasicImageReader::verifyLocation (39 bytes)
Event: 3.768 Thread 0x00000292a6211cb0 nmethod 1273 0x000002928f4c4f90 code [0x000002928f4c5160, 0x000002928f4c5460]
Event: 3.768 Thread 0x00000292a6211cb0 1271       1       java.nio.DirectIntBufferS::base (2 bytes)
Event: 3.768 Thread 0x00000292a6211cb0 nmethod 1271 0x0000029296dcae90 code [0x0000029296dcb020, 0x0000029296dcb0f0]

GC Heap History (2 events):
Event: 2.161 GC heap before
{Heap before GC invocations=0 (full 0):
 garbage-first heap   total 258048K, used 10240K [0x0000000704e00000, 0x0000000800000000)
  region size 2048K, 6 young (12288K), 0 survivors (0K)
 Metaspace       used 6529K, committed 6720K, reserved 1114112K
  class space    used 612K, committed 704K, reserved 1048576K
}
Event: 2.167 GC heap after
{Heap after GC invocations=1 (full 0):
 garbage-first heap   total 258048K, used 3916K [0x0000000704e00000, 0x0000000800000000)
  region size 2048K, 1 young (2048K), 1 survivors (2048K)
 Metaspace       used 6529K, committed 6720K, reserved 1114112K
  class space    used 612K, committed 704K, reserved 1048576K
}

Dll operation events (20 events):
Event: 2.967 Loaded shared library C:\Users\aadan\.openjfx\cache\21.0.3+2\amd64\api-ms-win-crt-heap-l1-1-0.dll
Event: 2.986 Loaded shared library C:\Users\aadan\.openjfx\cache\21.0.3+2\amd64\api-ms-win-crt-locale-l1-1-0.dll
Event: 3.007 Loaded shared library C:\Users\aadan\.openjfx\cache\21.0.3+2\amd64\api-ms-win-crt-math-l1-1-0.dll
Event: 3.043 Loaded shared library C:\Users\aadan\.openjfx\cache\21.0.3+2\amd64\api-ms-win-crt-multibyte-l1-1-0.dll
Event: 3.061 Loaded shared library C:\Users\aadan\.openjfx\cache\21.0.3+2\amd64\api-ms-win-crt-private-l1-1-0.dll
Event: 3.103 Loaded shared library C:\Users\aadan\.openjfx\cache\21.0.3+2\amd64\api-ms-win-crt-process-l1-1-0.dll
Event: 3.120 Loaded shared library C:\Users\aadan\.openjfx\cache\21.0.3+2\amd64\api-ms-win-crt-runtime-l1-1-0.dll
Event: 3.142 Loaded shared library C:\Users\aadan\.openjfx\cache\21.0.3+2\amd64\api-ms-win-crt-stdio-l1-1-0.dll
Event: 3.158 Loaded shared library C:\Users\aadan\.openjfx\cache\21.0.3+2\amd64\api-ms-win-crt-string-l1-1-0.dll
Event: 3.174 Loaded shared library C:\Users\aadan\.openjfx\cache\21.0.3+2\amd64\api-ms-win-crt-time-l1-1-0.dll
Event: 3.189 Loaded shared library C:\Users\aadan\.openjfx\cache\21.0.3+2\amd64\api-ms-win-crt-utility-l1-1-0.dll
Event: 3.215 Loaded shared library C:\Users\aadan\.openjfx\cache\21.0.3+2\amd64\ucrtbase.dll
Event: 3.227 Loaded shared library C:\Users\aadan\.openjfx\cache\21.0.3+2\amd64\vcruntime140.dll
Event: 3.236 Loaded shared library C:\Users\aadan\.openjfx\cache\21.0.3+2\amd64\vcruntime140_1.dll
Event: 3.257 Loaded shared library C:\Users\aadan\.openjfx\cache\21.0.3+2\amd64\msvcp140.dll
Event: 3.268 Loaded shared library C:\Users\aadan\.openjfx\cache\21.0.3+2\amd64\msvcp140_1.dll
Event: 3.285 Loaded shared library C:\Users\aadan\.openjfx\cache\21.0.3+2\amd64\msvcp140_2.dll
Event: 3.403 Loaded shared library C:\Users\aadan\.openjfx\cache\21.0.3+2\amd64\prism_d3d.dll
Event: 3.580 Loaded shared library C:\Users\aadan\.openjfx\cache\21.0.3+2\amd64\prism_sw.dll
Event: 3.625 Loaded shared library C:\Users\aadan\.openjfx\cache\21.0.3+2\amd64\glass.dll

Deoptimization events (20 events):
Event: 2.097 Thread 0x00000292a6e0d5a0 DEOPT PACKING pc=0x0000029296d9241c sp=0x000000ca6d3fd680
Event: 2.097 Thread 0x00000292a6e0d5a0 DEOPT UNPACKING pc=0x00000292968146a2 sp=0x000000ca6d3fd608 mode 2
Event: 2.270 Thread 0x00000292ec3fa560 Uncommon trap: trap_request=0xffffff45 fr.pc=0x0000029296da049c relative=0x00000000000000fc
Event: 2.271 Thread 0x00000292ec3fa560 Uncommon trap: reason=unstable_if action=reinterpret pc=0x0000029296da049c method=jdk.internal.misc.Unsafe.convEndian(ZI)I @ 4 c2
Event: 2.271 Thread 0x00000292ec3fa560 DEOPT PACKING pc=0x0000029296da049c sp=0x000000ca6d1fe560
Event: 2.271 Thread 0x00000292ec3fa560 DEOPT UNPACKING pc=0x00000292968146a2 sp=0x000000ca6d1fe418 mode 2
Event: 2.271 Thread 0x00000292ec3fa560 Uncommon trap: trap_request=0xffffff45 fr.pc=0x0000029296da09c4 relative=0x00000000000000a4
Event: 2.271 Thread 0x00000292ec3fa560 Uncommon trap: reason=unstable_if action=reinterpret pc=0x0000029296da09c4 method=jdk.internal.misc.Unsafe.convEndian(ZI)I @ 4 c2
Event: 2.271 Thread 0x00000292ec3fa560 DEOPT PACKING pc=0x0000029296da09c4 sp=0x000000ca6d1fe4d0
Event: 2.271 Thread 0x00000292ec3fa560 DEOPT UNPACKING pc=0x00000292968146a2 sp=0x000000ca6d1fe410 mode 2
Event: 3.082 Thread 0x00000292ec3fa560 DEOPT PACKING pc=0x000002928f3dded5 sp=0x000000ca6d1fe3f0
Event: 3.082 Thread 0x00000292ec3fa560 DEOPT UNPACKING pc=0x0000029296814e42 sp=0x000000ca6d1fd860 mode 0
Event: 3.206 Thread 0x00000292ec3fa560 DEOPT PACKING pc=0x000002928f3b6a57 sp=0x000000ca6d1fe8d0
Event: 3.206 Thread 0x00000292ec3fa560 DEOPT UNPACKING pc=0x0000029296814e42 sp=0x000000ca6d1fdd00 mode 0
Event: 3.696 Thread 0x00000292a6e0d5a0 DEOPT PACKING pc=0x000002928f3dded5 sp=0x000000ca6d3fde20
Event: 3.696 Thread 0x00000292a6e0d5a0 DEOPT UNPACKING pc=0x0000029296814e42 sp=0x000000ca6d3fd290 mode 0
Event: 3.771 Thread 0x00000292a6e0d5a0 Uncommon trap: trap_request=0xffffff45 fr.pc=0x0000029296da8780 relative=0x0000000000000160
Event: 3.771 Thread 0x00000292a6e0d5a0 Uncommon trap: reason=unstable_if action=reinterpret pc=0x0000029296da8780 method=java.util.concurrent.locks.ReentrantLock$NonfairSync.initialTryLock()Z @ 10 c2
Event: 3.771 Thread 0x00000292a6e0d5a0 DEOPT PACKING pc=0x0000029296da8780 sp=0x000000ca6d3ff400
Event: 3.771 Thread 0x00000292a6e0d5a0 DEOPT UNPACKING pc=0x00000292968146a2 sp=0x000000ca6d3ff3a8 mode 2

Classes loaded (20 events):
Event: 3.710 Loading class sun/nio/ch/Util$3
Event: 3.710 Loading class sun/nio/ch/Util$3 done
Event: 3.710 Loading class java/lang/foreign/MemorySegment
Event: 3.711 Loading class java/lang/foreign/MemorySegment done
Event: 3.712 Loading class sun/invoke/util/ValueConversions$1
Event: 3.712 Loading class sun/invoke/util/ValueConversions$1 done
Event: 3.713 Loading class java/lang/invoke/BoundMethodHandle$Species_LI
Event: 3.713 Loading class java/lang/invoke/BoundMethodHandle$Species_LI done
Event: 3.726 Loading class java/nio/DirectIntBufferS
Event: 3.726 Loading class java/nio/DirectIntBufferS done
Event: 3.732 Loading class jdk/internal/event/ThreadSleepEvent
Event: 3.732 Loading class jdk/internal/event/ThreadSleepEvent done
Event: 3.748 Loading class java/util/ComparableTimSort
Event: 3.748 Loading class java/util/ComparableTimSort done
Event: 3.765 Loading class javax/sound/sampled/UnsupportedAudioFileException
Event: 3.765 Loading class javax/sound/sampled/UnsupportedAudioFileException done
Event: 3.768 Loading class jdk/internal/loader/URLClassPath$FileLoader$1
Event: 3.768 Loading class jdk/internal/loader/URLClassPath$FileLoader$1 done
Event: 3.772 Loading class java/util/ArrayList$ListItr
Event: 3.772 Loading class java/util/ArrayList$ListItr done

Classes unloaded (0 events):
No events

Classes redefined (0 events):
No events

Internal exceptions (20 events):
Event: 1.154 Thread 0x00000292a66cb090 Exception <a 'java/lang/NoSuchMethodError'{0x00000007142d2308}: 'java.lang.Object java.lang.invoke.DirectMethodHandle$Holder.invokeStatic(java.lang.Object, java.lang.Object, int)'> (0x00000007142d2308) 
thrown [s\src\hotspot\share\interpreter\linkResolver.cpp, line 773]
Event: 1.156 Thread 0x00000292a66cb090 Exception <a 'java/lang/NoSuchMethodError'{0x00000007142dcde0}: 'void java.lang.invoke.DelegatingMethodHandle$Holder.delegate(java.lang.Object, java.lang.Object, int, java.lang.Object)'> (0x00000007142dcde0) 
thrown [s\src\hotspot\share\interpreter\linkResolver.cpp, line 773]
Event: 1.157 Thread 0x00000292a66cb090 Exception <a 'java/lang/NoSuchMethodError'{0x00000007142e0fd8}: 'int java.lang.invoke.DirectMethodHandle$Holder.invokeSpecial(java.lang.Object, java.lang.Object, java.lang.Object)'> (0x00000007142e0fd8) 
thrown [s\src\hotspot\share\interpreter\linkResolver.cpp, line 773]
Event: 1.463 Thread 0x00000292a6a03000 Exception <a 'java/lang/ClassNotFoundException'{0x00000007140d0640}: sun/net/www/protocol/c/Handler> (0x00000007140d0640) 
thrown [s\src\hotspot\share\classfile\systemDictionary.cpp, line 312]
Event: 1.630 Thread 0x00000292a6a03000 Exception <a 'java/lang/NoSuchMethodError'{0x0000000714134968}: 'java.lang.Object java.lang.invoke.DirectMethodHandle$Holder.invokeStaticInit(java.lang.Object, int, int, int, int)'> (0x0000000714134968) 
thrown [s\src\hotspot\share\interpreter\linkResolver.cpp, line 773]
Event: 1.910 Thread 0x00000292a6a03000 Exception <a 'java/lang/NoSuchMethodError'{0x0000000713e43c20}: 'java.lang.Object java.lang.invoke.DirectMethodHandle$Holder.invokeStaticInit(java.lang.Object, java.lang.Object, int, int, int, int)'> (0x0000000713e43c20) 
thrown [s\src\hotspot\share\interpreter\linkResolver.cpp, line 773]
Event: 2.117 Thread 0x00000292a6e0d5a0 Exception <a 'java/lang/NoSuchMethodError'{0x0000000713f3ba88}: 'void java.lang.invoke.DirectMethodHandle$Holder.invokeSpecial(java.lang.Object, java.lang.Object, java.lang.Object)'> (0x0000000713f3ba88) 
thrown [s\src\hotspot\share\interpreter\linkResolver.cpp, line 773]
Event: 2.120 Thread 0x00000292a6e0d5a0 Exception <a 'java/lang/NoSuchMethodError'{0x0000000713f45e00}: 'void java.lang.invoke.DirectMethodHandle$Holder.invokeStatic(java.lang.Object, java.lang.Object, java.lang.Object)'> (0x0000000713f45e00) 
thrown [s\src\hotspot\share\interpreter\linkResolver.cpp, line 773]
Event: 2.181 Thread 0x00000292ec3fa560 Exception <a 'java/lang/NoSuchMethodError'{0x000000071486a208}: 'java.lang.Object java.lang.invoke.DirectMethodHandle$Holder.invokeStatic(java.lang.Object, int, java.lang.Object)'> (0x000000071486a208) 
thrown [s\src\hotspot\share\interpreter\linkResolver.cpp, line 773]
Event: 2.188 Thread 0x00000292ec3fa560 Exception <a 'java/lang/ClassNotFoundException'{0x000000071487b0e8}: sun/util/logging/resources/spi/loggingProvider> (0x000000071487b0e8) 
thrown [s\src\hotspot\share\classfile\systemDictionary.cpp, line 312]
Event: 3.451 Thread 0x00000292ec701610 Exception <a 'sun/nio/fs/WindowsException'{0x000000071420b348}> (0x000000071420b348) 
thrown [s\src\hotspot\share\prims\jni.cpp, line 520]
Event: 3.587 Thread 0x00000292ec3fa560 Exception <a 'java/lang/NoSuchMethodError'{0x00000007145d5338}: 'int java.lang.invoke.DirectMethodHandle$Holder.invokeStaticInit(java.lang.Object, java.lang.Object, java.lang.Object)'> (0x00000007145d5338) 
thrown [s\src\hotspot\share\interpreter\linkResolver.cpp, line 773]
Event: 3.637 Thread 0x00000292ec3fa560 Exception <a 'java/lang/NoSuchMethodError'{0x00000007142cb4e0}: 'java.lang.Object java.lang.invoke.DirectMethodHandle$Holder.newInvokeSpecial(java.lang.Object, java.lang.Object, int, java.lang.Object)'> (0x00000007142cb4e0) 
thrown [s\src\hotspot\share\interpreter\linkResolver.cpp, line 773]
Event: 3.638 Thread 0x00000292ec3fa560 Exception <a 'java/lang/NoSuchMethodError'{0x00000007142cf1a8}: 'java.lang.Object java.lang.invoke.DirectMethodHandle$Holder.invokeSpecial(java.lang.Object, java.lang.Object, java.lang.Object, int, java.lang.Object)'> (0x00000007142cf1a8) 
thrown [s\src\hotspot\share\interpreter\linkResolver.cpp, line 773]
Event: 3.639 Thread 0x00000292ec3fa560 Exception <a 'java/lang/NoSuchMethodError'{0x00000007142d5c48}: 'void java.lang.invoke.DirectMethodHandle$Holder.invokeSpecial(java.lang.Object, java.lang.Object, int, java.lang.Object)'> (0x00000007142d5c48) 
thrown [s\src\hotspot\share\interpreter\linkResolver.cpp, line 773]
Event: 3.689 Thread 0x00000292ec746790 Exception <a 'java/lang/NoSuchMethodError'{0x000000071435c000}: 'void java.lang.invoke.DirectMethodHandle$Holder.invokeStaticInit(java.lang.Object)'> (0x000000071435c000) 
thrown [s\src\hotspot\share\interpreter\linkResolver.cpp, line 773]
Event: 3.712 Thread 0x00000292a6e0d5a0 Exception <a 'java/lang/NoSuchMethodError'{0x0000000714387980}: 'int java.lang.invoke.DirectMethodHandle$Holder.invokeSpecial(java.lang.Object, java.lang.Object, java.lang.Object, int)'> (0x0000000714387980) 
thrown [s\src\hotspot\share\interpreter\linkResolver.cpp, line 773]
Event: 3.714 Thread 0x00000292a6e0d5a0 Exception <a 'java/lang/NoSuchMethodError'{0x0000000714399c20}: 'java.lang.Object java.lang.invoke.DirectMethodHandle$Holder.invokeStatic(java.lang.Object, java.lang.Object, java.lang.Object, java.lang.Object, int)'> (0x0000000714399c20) 
thrown [s\src\hotspot\share\interpreter\linkResolver.cpp, line 773]
Event: 3.716 Thread 0x00000292a6e0d5a0 Exception <a 'java/lang/NoSuchMethodError'{0x00000007143aa0d8}: 'long java.lang.invoke.DirectMethodHandle$Holder.invokeStatic(java.lang.Object, java.lang.Object, int)'> (0x00000007143aa0d8) 
thrown [s\src\hotspot\share\interpreter\linkResolver.cpp, line 773]
Event: 3.717 Thread 0x00000292a6e0d5a0 Exception <a 'java/lang/NoSuchMethodError'{0x00000007143b4740}: 'java.lang.Object java.lang.invoke.DelegatingMethodHandle$Holder.reinvoke_L(java.lang.Object, int, long, java.lang.Object, java.lang.Object, int, java.lang.Object)'> (0x00000007143b4740) 
thrown [s\src\hotspot\share\interpreter\linkResolver.cpp, line 773]

ZGC Phase Switch (0 events):
No events

VM Operations (20 events):
Event: 1.154 Executing VM operation: HandshakeAllThreads (Deoptimize)
Event: 1.154 Executing VM operation: HandshakeAllThreads (Deoptimize) done
Event: 1.344 Executing VM operation: HandshakeAllThreads (Deoptimize)
Event: 1.344 Executing VM operation: HandshakeAllThreads (Deoptimize) done
Event: 1.362 Executing VM operation: HandshakeAllThreads (Deoptimize)
Event: 1.362 Executing VM operation: HandshakeAllThreads (Deoptimize) done
Event: 2.160 Executing VM operation: G1CollectForAllocation (G1 Evacuation Pause)
Event: 2.167 Executing VM operation: G1CollectForAllocation (G1 Evacuation Pause) done
Event: 2.267 Executing VM operation: HandshakeAllThreads (Deoptimize)
Event: 2.267 Executing VM operation: HandshakeAllThreads (Deoptimize) done
Event: 3.279 Executing VM operation: Cleanup
Event: 3.279 Executing VM operation: Cleanup done
Event: 3.601 Executing VM operation: HandshakeAllThreads (Deoptimize)
Event: 3.601 Executing VM operation: HandshakeAllThreads (Deoptimize) done
Event: 3.727 Executing VM operation: HandshakeAllThreads (Deoptimize)
Event: 3.727 Executing VM operation: HandshakeAllThreads (Deoptimize) done
Event: 3.769 Executing VM operation: HandshakeAllThreads (Deoptimize)
Event: 3.769 Executing VM operation: HandshakeAllThreads (Deoptimize) done
Event: 3.772 Executing VM operation: HandshakeAllThreads (Deoptimize)
Event: 3.772 Executing VM operation: HandshakeAllThreads (Deoptimize) done

Memory protections (0 events):
No events

Nmethod flushes (0 events):
No events

Events (20 events):
Event: 1.377 Thread 0x00000292a6211cb0 Thread added: 0x00000292a6212380
Event: 1.756 Thread 0x00000292a6212380 Thread exited: 0x00000292a6212380
Event: 1.797 Thread 0x00000292a66cd6f0 Thread exited: 0x00000292a66cd6f0
Event: 2.008 Thread 0x00000292a684ced0 Thread added: 0x00000292a6e04c80
Event: 2.078 Thread 0x00000292a6a03000 Thread added: 0x00000292a6e0d5a0
Event: 2.079 Thread 0x00000292a6a03000 Thread exited: 0x00000292a6a03000
Event: 2.122 Thread 0x00000292a6e0d5a0 Thread added: 0x00000292ec3fa560
Event: 2.174 Thread 0x00000292a620e270 Thread added: 0x00000292a6212380
Event: 2.395 Thread 0x00000292a6212380 Thread exited: 0x00000292a6212380
Event: 3.139 Thread 0x00000292a6e04c80 Thread exited: 0x00000292a6e04c80
Event: 3.324 Thread 0x00000292ec3fa560 Thread added: 0x00000292ec701610
Event: 3.396 Thread 0x00000292a684ced0 Thread added: 0x00000292ec457160
Event: 3.633 Thread 0x00000292ec3fa560 Thread added: 0x00000292ec7453e0
Event: 3.640 Thread 0x00000292ec3fa560 Thread added: 0x00000292ec746790
Event: 3.695 Thread 0x00000292ec3fa560 Thread exited: 0x00000292ec3fa560
Event: 3.717 Thread 0x00000292ec7446c0 Thread added: 0x00000292ec7446c0
Event: 3.728 Thread 0x00000292a6e0d5a0 Thread added: 0x00000292ec744030
Event: 3.770 Thread 0x00000292a6e0d5a0 Thread added: 0x00000292ec746e20
Event: 3.771 Thread 0x00000292a6e0d5a0 Thread added: 0x00000292ec746100
Event: 3.771 Thread 0x00000292a6e0d5a0 Thread exited: 0x00000292a6e0d5a0


Dynamic libraries:
0x00007ff712e50000 - 0x00007ff712e5e000 	C:\Program Files\Greenfoot\jdk\bin\java.exe
0x00007ffbedbe0000 - 0x00007ffbede46000 	C:\Windows\SYSTEM32\ntdll.dll
0x00007ffbed330000 - 0x00007ffbed3f9000 	C:\Windows\System32\KERNEL32.DLL
0x00007ffbeb130000 - 0x00007ffbeb52a000 	C:\Windows\System32\KERNELBASE.dll
0x00007ffbeafb0000 - 0x00007ffbeb0fc000 	C:\Windows\System32\ucrtbase.dll
0x00007ffbdae40000 - 0x00007ffbdae58000 	C:\Program Files\Greenfoot\jdk\bin\jli.dll
0x00007ffbec120000 - 0x00007ffbec2e7000 	C:\Windows\System32\USER32.dll
0x00007ffbeb100000 - 0x00007ffbeb127000 	C:\Windows\System32\win32u.dll
0x00007ffbedb20000 - 0x00007ffbedb4b000 	C:\Windows\System32\GDI32.dll
0x00007ffbeb530000 - 0x00007ffbeb65b000 	C:\Windows\System32\gdi32full.dll
0x00007ffbeaf00000 - 0x00007ffbeafa3000 	C:\Windows\System32\msvcp_win.dll
0x00007ffbdae60000 - 0x00007ffbdae7b000 	C:\Program Files\Greenfoot\jdk\bin\VCRUNTIME140.dll
0x00007ffbd2f30000 - 0x00007ffbd31c2000 	C:\Windows\WinSxS\amd64_microsoft.windows.common-controls_6595b64144ccf1df_6.0.26100.8521_none_3e08b75ce33403b3\COMCTL32.dll
0x00007ffbed7c0000 - 0x00007ffbed869000 	C:\Windows\System32\msvcrt.dll
0x00007ffbedb60000 - 0x00007ffbedb92000 	C:\Windows\System32\IMM32.DLL
0x00007ffbdaff0000 - 0x00007ffbdaffc000 	C:\Program Files\Greenfoot\jdk\bin\vcruntime140_1.dll
0x00007ffb9c800000 - 0x00007ffb9c88e000 	C:\Program Files\Greenfoot\jdk\bin\msvcp140.dll
0x00007ffb673c0000 - 0x00007ffb68148000 	C:\Program Files\Greenfoot\jdk\bin\server\jvm.dll
0x00007ffbec470000 - 0x00007ffbec526000 	C:\Windows\System32\ADVAPI32.dll
0x00007ffbed400000 - 0x00007ffbed4aa000 	C:\Windows\System32\sechost.dll
0x00007ffbec000000 - 0x00007ffbec118000 	C:\Windows\System32\RPCRT4.dll
0x00007ffbed8f0000 - 0x00007ffbed970000 	C:\Windows\System32\WS2_32.dll
0x00007ffbe54b0000 - 0x00007ffbe54bb000 	C:\Windows\SYSTEM32\VERSION.dll
0x00007ffbeacd0000 - 0x00007ffbead2e000 	C:\Windows\SYSTEM32\POWRPROF.dll
0x00007ffbe1850000 - 0x00007ffbe1886000 	C:\Windows\SYSTEM32\WINMM.dll
0x00007ffbeacb0000 - 0x00007ffbeacc4000 	C:\Windows\SYSTEM32\UMPDC.dll
0x00007ffbe9b60000 - 0x00007ffbe9b7b000 	C:\Windows\SYSTEM32\kernel.appcore.dll
0x00007ffbdae30000 - 0x00007ffbdae3a000 	C:\Program Files\Greenfoot\jdk\bin\jimage.dll
0x00007ffbe8410000 - 0x00007ffbe8652000 	C:\Windows\SYSTEM32\DBGHELP.DLL
0x00007ffbecfa0000 - 0x00007ffbed323000 	C:\Windows\System32\combase.dll
0x00007ffbeb950000 - 0x00007ffbeba29000 	C:\Windows\System32\OLEAUT32.dll
0x00007ffbcb640000 - 0x00007ffbcb67b000 	C:\Windows\SYSTEM32\dbgcore.DLL
0x00007ffbeb720000 - 0x00007ffbeb7c8000 	C:\Windows\System32\bcryptPrimitives.dll
0x00007ffbd6e30000 - 0x00007ffbd6e6c000 	C:\Program Files\Greenfoot\jdk\bin\jdwp.dll
0x00007ffbdae10000 - 0x00007ffbdae2f000 	C:\Program Files\Greenfoot\jdk\bin\java.dll
0x00007ffbec5a0000 - 0x00007ffbecd24000 	C:\Windows\System32\SHELL32.dll
0x00007ffbe8a00000 - 0x00007ffbe9280000 	C:\Windows\SYSTEM32\windows.storage.dll
0x00007ffbecea0000 - 0x00007ffbecf96000 	C:\Windows\System32\SHCORE.dll
0x00007ffbed4b0000 - 0x00007ffbed517000 	C:\Windows\System32\shlwapi.dll
0x00007ffbead90000 - 0x00007ffbeadb9000 	C:\Windows\SYSTEM32\profapi.dll
0x00007ffb998c0000 - 0x00007ffb99997000 	C:\Program Files\Greenfoot\jdk\bin\jsvml.dll
0x00007ffb9e2f0000 - 0x00007ffb9e2fb000 	C:\Program Files\Greenfoot\jdk\bin\dt_shmem.dll
0x00007ffbdae00000 - 0x00007ffbdae10000 	C:\Program Files\Greenfoot\jdk\bin\net.dll
0x00007ffbe16b0000 - 0x00007ffbe17d9000 	C:\Windows\SYSTEM32\WINHTTP.dll
0x00007ffbea170000 - 0x00007ffbea1dc000 	C:\Windows\system32\mswsock.dll
0x00007ffbdade0000 - 0x00007ffbdadf6000 	C:\Program Files\Greenfoot\jdk\bin\nio.dll
0x00007ffbd27c0000 - 0x00007ffbd27d8000 	C:\Program Files\Greenfoot\jdk\bin\zip.dll
0x00007ffbcf9a0000 - 0x00007ffbcfb2e000 	C:\Program Files\Greenfoot\jdk\bin\awt.dll
0x00007ffbe7910000 - 0x00007ffbe79b0000 	C:\Windows\SYSTEM32\apphelp.dll
0x00007ffbe7b50000 - 0x00007ffbe7bfa000 	C:\Windows\system32\uxtheme.dll
0x00007ffbecd30000 - 0x00007ffbece8d000 	C:\Windows\System32\MSCTF.dll
0x00007ffbed980000 - 0x00007ffbedb18000 	C:\Windows\System32\ole32.dll
0x00007ffbea450000 - 0x00007ffbea46b000 	C:\Windows\SYSTEM32\CRYPTSP.dll
0x00007ffbe9b80000 - 0x00007ffbe9bb9000 	C:\Windows\system32\rsaenh.dll
0x00007ffbea220000 - 0x00007ffbea253000 	C:\Windows\SYSTEM32\USERENV.dll
0x00007ffbead60000 - 0x00007ffbead8a000 	C:\Windows\SYSTEM32\bcrypt.dll
0x00007ffbea470000 - 0x00007ffbea47c000 	C:\Windows\SYSTEM32\CRYPTBASE.dll
0x00007ffbe9610000 - 0x00007ffbe9643000 	C:\Windows\SYSTEM32\IPHLPAPI.DLL
0x00007ffbeba30000 - 0x00007ffbeba3a000 	C:\Windows\System32\NSI.dll
0x00007ffbe7e50000 - 0x00007ffbe7e7f000 	C:\Windows\system32\DWMAPI.DLL
0x00007ffb49350000 - 0x00007ffb4945c000 	C:\Windows\system32\opengl32.dll
0x00007ffba00e0000 - 0x00007ffba010d000 	C:\Windows\SYSTEM32\GLU32.dll
0x00007ffbe7c80000 - 0x00007ffbe7cc4000 	C:\Windows\SYSTEM32\dxcore.dll
0x0000029284ac0000 - 0x0000029284ac3000 	C:\Users\aadan\.openjfx\cache\21.0.3+2\amd64\api-ms-win-core-console-l1-1-0.dll
0x0000029286b70000 - 0x0000029286b73000 	C:\Users\aadan\.openjfx\cache\21.0.3+2\amd64\api-ms-win-core-console-l1-2-0.dll
0x00000292a6f30000 - 0x00000292a6f33000 	C:\Users\aadan\.openjfx\cache\21.0.3+2\amd64\api-ms-win-core-datetime-l1-1-0.dll
0x00000292a6f40000 - 0x00000292a6f43000 	C:\Users\aadan\.openjfx\cache\21.0.3+2\amd64\api-ms-win-core-debug-l1-1-0.dll
0x00000292a6f50000 - 0x00000292a6f53000 	C:\Users\aadan\.openjfx\cache\21.0.3+2\amd64\api-ms-win-core-errorhandling-l1-1-0.dll
0x00000292a6f60000 - 0x00000292a6f64000 	C:\Users\aadan\.openjfx\cache\21.0.3+2\amd64\api-ms-win-core-file-l1-1-0.dll
0x00000292a6f70000 - 0x00000292a6f73000 	C:\Users\aadan\.openjfx\cache\21.0.3+2\amd64\api-ms-win-core-file-l1-2-0.dll
0x00000292a6f80000 - 0x00000292a6f83000 	C:\Users\aadan\.openjfx\cache\21.0.3+2\amd64\api-ms-win-core-file-l2-1-0.dll
0x00000292a6f90000 - 0x00000292a6f93000 	C:\Users\aadan\.openjfx\cache\21.0.3+2\amd64\api-ms-win-core-handle-l1-1-0.dll
0x00000292a6fa0000 - 0x00000292a6fa3000 	C:\Users\aadan\.openjfx\cache\21.0.3+2\amd64\api-ms-win-core-heap-l1-1-0.dll
0x00000292a6fb0000 - 0x00000292a6fb3000 	C:\Users\aadan\.openjfx\cache\21.0.3+2\amd64\api-ms-win-core-interlocked-l1-1-0.dll
0x00000292a6fc0000 - 0x00000292a6fc3000 	C:\Users\aadan\.openjfx\cache\21.0.3+2\amd64\api-ms-win-core-libraryloader-l1-1-0.dll
0x00000292a6fd0000 - 0x00000292a6fd3000 	C:\Users\aadan\.openjfx\cache\21.0.3+2\amd64\api-ms-win-core-localization-l1-2-0.dll
0x00000292a6fe0000 - 0x00000292a6fe3000 	C:\Users\aadan\.openjfx\cache\21.0.3+2\amd64\api-ms-win-core-memory-l1-1-0.dll
0x00000292a6ff0000 - 0x00000292a6ff3000 	C:\Users\aadan\.openjfx\cache\21.0.3+2\amd64\api-ms-win-core-namedpipe-l1-1-0.dll
0x00000292ec290000 - 0x00000292ec293000 	C:\Users\aadan\.openjfx\cache\21.0.3+2\amd64\api-ms-win-core-processenvironment-l1-1-0.dll
0x00000292ec2a0000 - 0x00000292ec2a3000 	C:\Users\aadan\.openjfx\cache\21.0.3+2\amd64\api-ms-win-core-processthreads-l1-1-0.dll
0x00000292ec2b0000 - 0x00000292ec2b3000 	C:\Users\aadan\.openjfx\cache\21.0.3+2\amd64\api-ms-win-core-processthreads-l1-1-1.dll
0x00000292ec2c0000 - 0x00000292ec2c3000 	C:\Users\aadan\.openjfx\cache\21.0.3+2\amd64\api-ms-win-core-profile-l1-1-0.dll
0x00000292ec2d0000 - 0x00000292ec2d3000 	C:\Users\aadan\.openjfx\cache\21.0.3+2\amd64\api-ms-win-core-rtlsupport-l1-1-0.dll
0x00000292ec2e0000 - 0x00000292ec2e3000 	C:\Users\aadan\.openjfx\cache\21.0.3+2\amd64\api-ms-win-core-string-l1-1-0.dll
0x00000292ec2f0000 - 0x00000292ec2f3000 	C:\Users\aadan\.openjfx\cache\21.0.3+2\amd64\api-ms-win-core-synch-l1-1-0.dll
0x00000292ec300000 - 0x00000292ec303000 	C:\Users\aadan\.openjfx\cache\21.0.3+2\amd64\api-ms-win-core-synch-l1-2-0.dll
0x00000292ec310000 - 0x00000292ec313000 	C:\Users\aadan\.openjfx\cache\21.0.3+2\amd64\api-ms-win-core-sysinfo-l1-1-0.dll
0x00000292ec320000 - 0x00000292ec323000 	C:\Users\aadan\.openjfx\cache\21.0.3+2\amd64\api-ms-win-core-timezone-l1-1-0.dll
0x00000292ec330000 - 0x00000292ec333000 	C:\Users\aadan\.openjfx\cache\21.0.3+2\amd64\api-ms-win-core-util-l1-1-0.dll
0x00000292ec340000 - 0x00000292ec343000 	C:\Users\aadan\.openjfx\cache\21.0.3+2\amd64\api-ms-win-crt-conio-l1-1-0.dll
0x00000292ed770000 - 0x00000292ed774000 	C:\Users\aadan\.openjfx\cache\21.0.3+2\amd64\api-ms-win-crt-convert-l1-1-0.dll
0x00000292ed780000 - 0x00000292ed783000 	C:\Users\aadan\.openjfx\cache\21.0.3+2\amd64\api-ms-win-crt-environment-l1-1-0.dll
0x00000292ed790000 - 0x00000292ed793000 	C:\Users\aadan\.openjfx\cache\21.0.3+2\amd64\api-ms-win-crt-filesystem-l1-1-0.dll
0x00000292ed7a0000 - 0x00000292ed7a3000 	C:\Users\aadan\.openjfx\cache\21.0.3+2\amd64\api-ms-win-crt-heap-l1-1-0.dll
0x00000292ed7b0000 - 0x00000292ed7b3000 	C:\Users\aadan\.openjfx\cache\21.0.3+2\amd64\api-ms-win-crt-locale-l1-1-0.dll
0x00000292ed7c0000 - 0x00000292ed7c5000 	C:\Users\aadan\.openjfx\cache\21.0.3+2\amd64\api-ms-win-crt-math-l1-1-0.dll
0x00000292ed7d0000 - 0x00000292ed7d5000 	C:\Users\aadan\.openjfx\cache\21.0.3+2\amd64\api-ms-win-crt-multibyte-l1-1-0.dll
0x00000292ed7e0000 - 0x00000292ed7f0000 	C:\Users\aadan\.openjfx\cache\21.0.3+2\amd64\api-ms-win-crt-private-l1-1-0.dll
0x00000292ed7f0000 - 0x00000292ed7f3000 	C:\Users\aadan\.openjfx\cache\21.0.3+2\amd64\api-ms-win-crt-process-l1-1-0.dll
0x00000292ed800000 - 0x00000292ed804000 	C:\Users\aadan\.openjfx\cache\21.0.3+2\amd64\api-ms-win-crt-runtime-l1-1-0.dll
0x00000292ed810000 - 0x00000292ed814000 	C:\Users\aadan\.openjfx\cache\21.0.3+2\amd64\api-ms-win-crt-stdio-l1-1-0.dll
0x00000292ed820000 - 0x00000292ed824000 	C:\Users\aadan\.openjfx\cache\21.0.3+2\amd64\api-ms-win-crt-string-l1-1-0.dll
0x00000292ed830000 - 0x00000292ed833000 	C:\Users\aadan\.openjfx\cache\21.0.3+2\amd64\api-ms-win-crt-time-l1-1-0.dll
0x00000292ed840000 - 0x00000292ed843000 	C:\Users\aadan\.openjfx\cache\21.0.3+2\amd64\api-ms-win-crt-utility-l1-1-0.dll
0x00007ffb997c0000 - 0x00007ffb998bc000 	C:\Users\aadan\.openjfx\cache\21.0.3+2\amd64\ucrtbase.dll
0x00007ffbd27a0000 - 0x00007ffbd27bb000 	C:\Users\aadan\.openjfx\cache\21.0.3+2\amd64\vcruntime140.dll
0x00007ffbdadd0000 - 0x00007ffbdaddc000 	C:\Users\aadan\.openjfx\cache\21.0.3+2\amd64\vcruntime140_1.dll
0x00007ffb9c770000 - 0x00007ffb9c7fe000 	C:\Users\aadan\.openjfx\cache\21.0.3+2\amd64\msvcp140.dll
0x00007ffbd6650000 - 0x00007ffbd6659000 	C:\Users\aadan\.openjfx\cache\21.0.3+2\amd64\msvcp140_1.dll
0x00007ffb996b0000 - 0x00007ffb996f1000 	C:\Users\aadan\.openjfx\cache\21.0.3+2\amd64\msvcp140_2.dll
0x00007ffb9c740000 - 0x00007ffb9c770000 	C:\Users\aadan\.openjfx\cache\21.0.3+2\amd64\prism_d3d.dll
0x00007ffba0680000 - 0x00007ffba0831000 	C:\Windows\system32\d3d9.dll
0x00007ffbcda40000 - 0x00007ffbcda53000 	C:\Users\aadan\.openjfx\cache\21.0.3+2\amd64\prism_sw.dll
0x00007ffba1d60000 - 0x00007ffba1da2000 	C:\Users\aadan\.openjfx\cache\21.0.3+2\amd64\glass.dll
0x00007ffbec370000 - 0x00007ffbec462000 	C:\Windows\System32\COMDLG32.dll

dbghelp: loaded successfully - version: 4.0.5 - missing functions: none
symbol engine: initialized successfully - sym options: 0x614 - pdb path: .;C:\Program Files\Greenfoot\jdk\bin;C:\Windows\SYSTEM32;C:\Windows\WinSxS\amd64_microsoft.windows.common-controls_6595b64144ccf1df_6.0.26100.8521_none_3e08b75ce33403b3;C:\Program Files\Greenfoot\jdk\bin\server;C:\Users\aadan\.openjfx\cache\21.0.3+2\amd64

VM Arguments:
jvm_args: -XX:MaxGCPauseMillis=50 -agentlib:jdwp=transport=dt_shmem,address=javadebug -Dfile.encoding=UTF-8 
java_command: bluej.runtime.ExecServer UTF-8
java_class_path (initial): C:\Program Files\Greenfoot\lib\greenfoot.jar;C:\Program Files\Greenfoot\lib\javafx-base-21.0.3-win.jar;C:\Program Files\Greenfoot\lib\javafx-controls-21.0.3-win.jar;C:\Program Files\Greenfoot\lib\javafx-fxml-21.0.3-win.jar;C:\Program Files\Greenfoot\lib\javafx-graphics-21.0.3-win.jar;C:\Program Files\Greenfoot\lib\javafx-media-21.0.3-win.jar;C:\Program Files\Greenfoot\lib\javafx-swing-21.0.3-win.jar;C:\Program Files\Greenfoot\lib\javafx-web-21.0.3-win.jar;C:\Program Files\Greenfoot\lib\junit-4.12.jar;C:\Program Files\Greenfoot\lib\junit-jupiter-5.5.2.jar;C:\Program Files\Greenfoot\lib\junit-jupiter-api-5.5.2.jar;C:\Program Files\Greenfoot\lib\junit-jupiter-engine-5.5.2.jar;C:\Program Files\Greenfoot\lib\junit-jupiter-params-5.5.2.jar;C:\Program Files\Greenfoot\lib\junit-platform-commons-1.5.2.jar;C:\Program Files\Greenfoot\lib\junit-platform-engine-1.5.2.jar;C:\Program Files\Greenfoot\lib\junit-platform-launcher-1.5.2.jar;C:\Program Files\Greenfoot\lib\junit-platform-suite-api-1.5.2.jar;C:\Program Files\Greenfoot\lib\junit-vintage-engine-5.5.2.jar;C:\Program Files\Greenfoot\lib\hamcrest-core-1.3.jar;C:\Program Files\Greenfoot\lib\opentest4j-1.2.0.jar;C:\Program Files\Greenfoot\lib\bluej.jar;C:\Program Files\Greenfoot\lib\classgraph-4.8.90.jar;C:\Program Files\Greenfoot\lib\diffutils-1.2.1.jar;C:\Program Files\Greenfoot\lib\commons-logging-1.2.jar;C:\Program Files\Greenfoot\lib\jl1.0.1.jar;C:\Program Files\Greenfoot\lib\opencsv-2.3.jar;C:\Program Files\Greenfoot\lib\opencsv-2.4.jar;C:\Program Files\Greenfoot\lib\xom-1.3.9.jar;C:\Program Files\Greenfoot\lib\lang-stride.jar;C:\Program Files\Greenfoot\lib\nsmenufx-3.1.0.jar;C:\Program Files\Greenfoot\lib\wellbehavedfx-0.3.3.jar;C:\Program Files\Greenfoot\lib\guava-33.3.1-jre.jar;C:\Program Files\Greenfoot\lib\failureaccess-1.0.2.jar;C:\Program Files\Greenfoot\lib\simple-png-0.2.0.jar;C:\Program Files\Greenfoot\lib\simple-png-javafx-0.2.0.jar;C:\Program Files\Greenfoot\lib\httpclient-4.5.13.jar;C:\Program Files\Greenfoot\lib\httpcore-4.4.13.jar;C:\Program Files\Greenfoot\lib\httpmime-4.1.1.jar;C:\Program Files\Greenfoot\lib\javafx\javafx.base.jar;C:\Program Files\Greenfoot\lib\javafx\javafx.controls.jar;C:\Program Files\Greenfoot\lib\javafx\javafx.fxml.jar;C:\Program Files\Greenfoot\lib\javafx\javafx.graphics.jar;C:\Program Files\Greenfoot\lib\javafx\javafx.media.jar;C:\Program Files\Greenfoot\lib\javafx\javafx.properties.jar;C:\Program Files\Greenfoot\lib\javafx\javafx.swing.jar;C:\Program Files\Greenfoot\lib\javafx\javafx.web.jar
Launcher Type: SUN_STANDARD

[Global flags]
     intx CICompilerCount                          = 4                                         {product} {ergonomic}
     uint ConcGCThreads                            = 3                                         {product} {ergonomic}
     uint G1ConcRefinementThreads                  = 10                                        {product} {ergonomic}
   size_t G1HeapRegionSize                         = 2097152                                   {product} {ergonomic}
    uintx GCDrainStackTargetSize                   = 64                                        {product} {ergonomic}
   size_t InitialHeapSize                          = 264241152                                 {product} {ergonomic}
   size_t MarkStackSize                            = 4194304                                   {product} {ergonomic}
    uintx MaxGCPauseMillis                         = 50                                        {product} {command line}
   size_t MaxHeapSize                              = 4213178368                                {product} {ergonomic}
   size_t MaxNewSize                               = 2527068160                                {product} {ergonomic}
   size_t MinHeapDeltaBytes                        = 2097152                                   {product} {ergonomic}
   size_t MinHeapSize                              = 8388608                                   {product} {ergonomic}
    uintx NonNMethodCodeHeapSize                   = 5839372                                {pd product} {ergonomic}
    uintx NonProfiledCodeHeapSize                  = 122909434                              {pd product} {ergonomic}
    uintx ProfiledCodeHeapSize                     = 122909434                              {pd product} {ergonomic}
    uintx ReservedCodeCacheSize                    = 251658240                              {pd product} {ergonomic}
     bool SegmentedCodeCache                       = true                                      {product} {ergonomic}
   size_t SoftMaxHeapSize                          = 4213178368                             {manageable} {ergonomic}
     bool UseCompressedOops                        = true                           {product lp64_product} {ergonomic}
     bool UseG1GC                                  = true                                      {product} {ergonomic}
     bool UseLargePagesIndividualAllocation        = false                                  {pd product} {ergonomic}

Logging:
Log output configuration:
 #0: stdout all=warning uptime,level,tags foldmultilines=false
 #1: stderr all=off uptime,level,tags foldmultilines=false

Environment Variables:
PATH=C:\Program Files (x86)\Common Files\Oracle\Java\java8path;C:\Program Files (x86)\Common Files\Oracle\Java\javapath;C:\Windows\system32;C:\Windows;C:\Windows\System32\Wbem;C:\Windows\System32\WindowsPowerShell\v1.0\;C:\Windows\System32\OpenSSH\;C:\Program Files\Git\cmd;C:\Program Files\nodejs\;C:\Program Files\dotnet\;C:\Program Files\Docker\Docker\resources\bin;C:\Users\aadan\AppData\Local\Programs\Python\Launcher\;C:\Program Files (x86)\Common Files\Oracle\Java\java8path;C:\Program Files (x86)\Common Files\Oracle\Java\javapath;C:\Windows\system32;C:\Windows;C:\Windows\System32\Wbem;C:\Windows\System32\WindowsPowerShell\v1.0\;C:\Windows\System32\OpenSSH\;C:\Program Files\Git\cmd;C:\Program Files\nodejs\;C:\Program Files\Docker\Docker\resources\bin;C:\Program Files\dotnet\;C:\Users\aadan\AppData\Local\Microsoft\WindowsApps;C:\Users\aadan\AppData\Local\Programs\Microsoft VS Code\bin;C:\Users\aadan\AppData\Local\GitHubDesktop\bin;C:\ProgramData\aadan\GitHubDesktop\bin;C:\Users\aadan\AppData\Roaming\npm;C:\Users\aadan\AppData\Local\JetBrains\Toolbox\scripts;C:\Users\aadan\AppData\Local\Programs\Antigravity\bin;C:\Users\aadan\AppData\Local\Programs\oh-my-posh\bin;C:\Users\aadan\AppData\Local\Programs\oh-my-posh\bin
USERNAME=aadan
OS=Windows_NT
PROCESSOR_IDENTIFIER=Intel64 Family 6 Model 186 Stepping 3, GenuineIntel
TMP=C:\Users\aadan\AppData\Local\Temp
TEMP=C:\Users\aadan\AppData\Local\Temp




Periodic native trim disabled

---------------  S Y S T E M  ---------------

OS:
 Windows 11 , 64 bit Build 26100 (10.0.26100.8521)
OS uptime: 0 days 0:07 hours
Hyper-V role detected

CPU: total 12 (initial active 12) (6 cores per cpu, 2 threads per core) family 6 model 186 stepping 3 microcode 0x411f, cx8, cmov, fxsr, ht, mmx, 3dnowpref, sse, sse2, sse3, ssse3, sse4.1, sse4.2, popcnt, lzcnt, tsc, tscinvbit, avx, avx2, aes, erms, clmul, bmi1, bmi2, adx, sha, fma, vzeroupper, clflush, clflushopt, clwb, hv, serialize, rdtscp, rdpid, fsrm, f16c, cet_ibt, cet_ss
Processor Information for processor 0
  Max Mhz: 1700, Current Mhz: 1700, Mhz Limit: 1700
Processor Information for processor 1
  Max Mhz: 1700, Current Mhz: 1457, Mhz Limit: 1700
Processor Information for processor 2
  Max Mhz: 1700, Current Mhz: 1700, Mhz Limit: 1700
Processor Information for processor 3
  Max Mhz: 1700, Current Mhz: 1700, Mhz Limit: 1700
Processor Information for processor 4
  Max Mhz: 1700, Current Mhz: 1200, Mhz Limit: 1190
Processor Information for processor 5
  Max Mhz: 1700, Current Mhz: 1200, Mhz Limit: 1190
Processor Information for processor 6
  Max Mhz: 1700, Current Mhz: 1200, Mhz Limit: 1190
Processor Information for processor 7
  Max Mhz: 1700, Current Mhz: 1200, Mhz Limit: 1190
Processor Information for processor 8
  Max Mhz: 1700, Current Mhz: 1200, Mhz Limit: 1190
Processor Information for processor 9
  Max Mhz: 1700, Current Mhz: 1200, Mhz Limit: 1190
Processor Information for processor 10
  Max Mhz: 1700, Current Mhz: 1200, Mhz Limit: 1190
Processor Information for processor 11
  Max Mhz: 1700, Current Mhz: 1200, Mhz Limit: 1190

Memory: 4k page, system-wide physical 16067M (6261M free)
TotalPageFile size 37571M (AvailPageFile size 27247M)
current process WorkingSet (physical memory assigned to process): 77M, peak: 93M
current process commit charge ("private bytes"): 157M, peak: 387M

vm_info: OpenJDK 64-Bit Server VM (21.0.4+7-LTS) for windows-amd64 JRE (21.0.4+7-LTS), built on 2024-07-16T00:00:00Z by "admin" with MS VC++ 17.7 (VS2022)

END.
